{"/home/sonuram/Desktop/modelsearch-pro/app/db.server.js": {"path":"/home/sonuram/Desktop/modelsearch-pro/app/db.server.js","statementMap":{"0":{"start":{"line":3,"column":0},"end":{"line":7,"column":1}},"1":{"start":{"line":4,"column":2},"end":{"line":6,"column":3}},"2":{"start":{"line":5,"column":4},"end":{"line":5,"column":39}},"3":{"start":{"line":9,"column":15},"end":{"line":9,"column":50}}},"fnMap":{},"branchMap":{"0":{"loc":{"start":{"line":3,"column":0},"end":{"line":7,"column":1}},"type":"if","locations":[{"start":{"line":3,"column":0},"end":{"line":7,"column":1}},{"start":{},"end":{}}],"line":3},"1":{"loc":{"start":{"line":4,"column":2},"end":{"line":6,"column":3}},"type":"if","locations":[{"start":{"line":4,"column":2},"end":{"line":6,"column":3}},{"start":{},"end":{}}],"line":4},"2":{"loc":{"start":{"line":9,"column":15},"end":{"line":9,"column":50}},"type":"binary-expr","locations":[{"start":{"line":9,"column":15},"end":{"line":9,"column":28}},{"start":{"line":9,"column":32},"end":{"line":9,"column":50}}],"line":9}},"s":{"0":0,"1":0,"2":0,"3":0},"f":{},"b":{"0":[0,0],"1":[0,0],"2":[0,0]}}
,"/home/sonuram/Desktop/modelsearch-pro/app/entry.server.jsx": {"path":"/home/sonuram/Desktop/modelsearch-pro/app/entry.server.jsx","statementMap":{"0":{"start":{"line":8,"column":29},"end":{"line":8,"column":33}},"1":{"start":{"line":16,"column":2},"end":{"line":16,"column":55}},"2":{"start":{"line":17,"column":20},"end":{"line":17,"column":53}},"3":{"start":{"line":18,"column":23},"end":{"line":18,"column":77}},"4":{"start":{"line":20,"column":2},"end":{"line":50,"column":5}},"5":{"start":{"line":21,"column":28},"end":{"line":45,"column":5}},"6":{"start":{"line":25,"column":23},"end":{"line":25,"column":40}},"7":{"start":{"line":26,"column":25},"end":{"line":26,"column":63}},"8":{"start":{"line":28,"column":10},"end":{"line":28,"column":59}},"9":{"start":{"line":29,"column":10},"end":{"line":34,"column":12}},"10":{"start":{"line":35,"column":10},"end":{"line":35,"column":21}},"11":{"start":{"line":38,"column":10},"end":{"line":38,"column":24}},"12":{"start":{"line":41,"column":10},"end":{"line":41,"column":35}},"13":{"start":{"line":42,"column":10},"end":{"line":42,"column":31}},"14":{"start":{"line":49,"column":4},"end":{"line":49,"column":44}}},"fnMap":{"0":{"name":"handleRequest","decl":{"start":{"line":10,"column":30},"end":{"line":10,"column":43}},"loc":{"start":{"line":15,"column":2},"end":{"line":51,"column":1}},"line":15},"1":{"name":"(anonymous_1)","decl":{"start":{"line":20,"column":21},"end":{"line":20,"column":22}},"loc":{"start":{"line":20,"column":42},"end":{"line":50,"column":3}},"line":20},"2":{"name":"(anonymous_2)","decl":{"start":{"line":24,"column":24},"end":{"line":24,"column":25}},"loc":{"start":{"line":24,"column":30},"end":{"line":36,"column":9}},"line":24},"3":{"name":"(anonymous_3)","decl":{"start":{"line":37,"column":8},"end":{"line":37,"column":9}},"loc":{"start":{"line":37,"column":28},"end":{"line":39,"column":9}},"line":37},"4":{"name":"(anonymous_4)","decl":{"start":{"line":40,"column":8},"end":{"line":40,"column":9}},"loc":{"start":{"line":40,"column":23},"end":{"line":43,"column":9}},"line":40}},"branchMap":{"0":{"loc":{"start":{"line":18,"column":23},"end":{"line":18,"column":77}},"type":"cond-expr","locations":[{"start":{"line":18,"column":48},"end":{"line":18,"column":60}},{"start":{"line":18,"column":63},"end":{"line":18,"column":77}}],"line":18},"1":{"loc":{"start":{"line":18,"column":29},"end":{"line":18,"column":44}},"type":"binary-expr","locations":[{"start":{"line":18,"column":29},"end":{"line":18,"column":38}},{"start":{"line":18,"column":42},"end":{"line":18,"column":44}}],"line":18}},"s":{"0":0,"1":0,"2":0,"3":0,"4":0,"5":0,"6":0,"7":0,"8":0,"9":0,"10":0,"11":0,"12":0,"13":0,"14":0},"f":{"0":0,"1":0,"2":0,"3":0,"4":0},"b":{"0":[0,0],"1":[0,0]}}
,"/home/sonuram/Desktop/modelsearch-pro/app/root.jsx": {"path":"/home/sonuram/Desktop/modelsearch-pro/app/root.jsx","statementMap":{"0":{"start":{"line":10,"column":2},"end":{"line":29,"column":4}}},"fnMap":{"0":{"name":"App","decl":{"start":{"line":9,"column":24},"end":{"line":9,"column":27}},"loc":{"start":{"line":9,"column":30},"end":{"line":30,"column":1}},"line":9}},"branchMap":{},"s":{"0":0},"f":{"0":0},"b":{}}
,"/home/sonuram/Desktop/modelsearch-pro/app/routes.js": {"path":"/home/sonuram/Desktop/modelsearch-pro/app/routes.js","statementMap":{},"fnMap":{},"branchMap":{},"s":{},"f":{},"b":{}}
,"/home/sonuram/Desktop/modelsearch-pro/app/shopify.server.js": {"path":"/home/sonuram/Desktop/modelsearch-pro/app/shopify.server.js","statementMap":{"0":{"start":{"line":10,"column":16},"end":{"line":26,"column":2}},"1":{"start":{"line":29,"column":26},"end":{"line":29,"column":46}},"2":{"start":{"line":30,"column":42},"end":{"line":30,"column":76}},"3":{"start":{"line":31,"column":28},"end":{"line":31,"column":48}},"4":{"start":{"line":32,"column":31},"end":{"line":32,"column":54}},"5":{"start":{"line":33,"column":21},"end":{"line":33,"column":34}},"6":{"start":{"line":34,"column":32},"end":{"line":34,"column":56}},"7":{"start":{"line":35,"column":30},"end":{"line":35,"column":52}}},"fnMap":{},"branchMap":{"0":{"loc":{"start":{"line":12,"column":16},"end":{"line":12,"column":52}},"type":"binary-expr","locations":[{"start":{"line":12,"column":16},"end":{"line":12,"column":46}},{"start":{"line":12,"column":50},"end":{"line":12,"column":52}}],"line":12},"1":{"loc":{"start":{"line":15,"column":10},"end":{"line":15,"column":43}},"type":"binary-expr","locations":[{"start":{"line":15,"column":10},"end":{"line":15,"column":37}},{"start":{"line":15,"column":41},"end":{"line":15,"column":43}}],"line":15},"2":{"loc":{"start":{"line":23,"column":6},"end":{"line":25,"column":8}},"type":"cond-expr","locations":[{"start":{"line":24,"column":6},"end":{"line":24,"column":61}},{"start":{"line":25,"column":6},"end":{"line":25,"column":8}}],"line":23}},"s":{"0":0,"1":0,"2":0,"3":0,"4":0,"5":0,"6":0,"7":0},"f":{},"b":{"0":[0,0],"1":[0,0],"2":[0,0]}}
,"/home/sonuram/Desktop/modelsearch-pro/app/graphql/resolvers/index.js": {"path":"/home/sonuram/Desktop/modelsearch-pro/app/graphql/resolvers/index.js","statementMap":{"0":{"start":{"line":13,"column":19},"end":{"line":28,"column":2}},"1":{"start":{"line":17,"column":4},"end":{"line":17,"column":31}},"2":{"start":{"line":20,"column":4},"end":{"line":20,"column":27}},"3":{"start":{"line":23,"column":4},"end":{"line":25,"column":5}},"4":{"start":{"line":24,"column":6},"end":{"line":24,"column":33}},"5":{"start":{"line":26,"column":4},"end":{"line":26,"column":16}},"6":{"start":{"line":30,"column":25},"end":{"line":290,"column":1}},"7":{"start":{"line":36,"column":6},"end":{"line":36,"column":46}},"8":{"start":{"line":39,"column":6},"end":{"line":39,"column":35}},"9":{"start":{"line":44,"column":6},"end":{"line":44,"column":42}},"10":{"start":{"line":47,"column":6},"end":{"line":47,"column":37}},"11":{"start":{"line":52,"column":6},"end":{"line":52,"column":41}},"12":{"start":{"line":55,"column":6},"end":{"line":55,"column":35}},"13":{"start":{"line":60,"column":6},"end":{"line":60,"column":48}},"14":{"start":{"line":63,"column":6},"end":{"line":63,"column":43}},"15":{"start":{"line":68,"column":6},"end":{"line":68,"column":77}},"16":{"start":{"line":71,"column":6},"end":{"line":71,"column":55}},"17":{"start":{"line":74,"column":6},"end":{"line":74,"column":111}},"18":{"start":{"line":79,"column":6},"end":{"line":79,"column":49}},"19":{"start":{"line":82,"column":6},"end":{"line":82,"column":41}},"20":{"start":{"line":87,"column":6},"end":{"line":87,"column":53}},"21":{"start":{"line":92,"column":6},"end":{"line":92,"column":93}},"22":{"start":{"line":95,"column":6},"end":{"line":95,"column":81}},"23":{"start":{"line":98,"column":6},"end":{"line":98,"column":95}},"24":{"start":{"line":101,"column":6},"end":{"line":101,"column":94}},"25":{"start":{"line":106,"column":6},"end":{"line":106,"column":70}},"26":{"start":{"line":109,"column":6},"end":{"line":109,"column":42}},"27":{"start":{"line":116,"column":6},"end":{"line":116,"column":41}},"28":{"start":{"line":119,"column":6},"end":{"line":119,"column":45}},"29":{"start":{"line":122,"column":6},"end":{"line":122,"column":37}},"30":{"start":{"line":123,"column":6},"end":{"line":123,"column":18}},"31":{"start":{"line":128,"column":6},"end":{"line":128,"column":43}},"32":{"start":{"line":131,"column":6},"end":{"line":131,"column":47}},"33":{"start":{"line":134,"column":6},"end":{"line":134,"column":39}},"34":{"start":{"line":135,"column":6},"end":{"line":135,"column":18}},"35":{"start":{"line":140,"column":6},"end":{"line":140,"column":41}},"36":{"start":{"line":143,"column":6},"end":{"line":143,"column":45}},"37":{"start":{"line":146,"column":6},"end":{"line":146,"column":37}},"38":{"start":{"line":147,"column":6},"end":{"line":147,"column":18}},"39":{"start":{"line":152,"column":6},"end":{"line":152,"column":49}},"40":{"start":{"line":155,"column":6},"end":{"line":155,"column":53}},"41":{"start":{"line":158,"column":6},"end":{"line":158,"column":45}},"42":{"start":{"line":159,"column":6},"end":{"line":159,"column":18}},"43":{"start":{"line":164,"column":6},"end":{"line":164,"column":74}},"44":{"start":{"line":167,"column":6},"end":{"line":167,"column":65}},"45":{"start":{"line":170,"column":6},"end":{"line":170,"column":57}},"46":{"start":{"line":171,"column":6},"end":{"line":171,"column":18}},"47":{"start":{"line":176,"column":6},"end":{"line":176,"column":47}},"48":{"start":{"line":179,"column":6},"end":{"line":179,"column":51}},"49":{"start":{"line":182,"column":6},"end":{"line":182,"column":43}},"50":{"start":{"line":183,"column":6},"end":{"line":183,"column":18}},"51":{"start":{"line":186,"column":6},"end":{"line":186,"column":58}},"52":{"start":{"line":187,"column":6},"end":{"line":187,"column":18}},"53":{"start":{"line":192,"column":6},"end":{"line":192,"column":63}},"54":{"start":{"line":197,"column":6},"end":{"line":200,"column":9}},"55":{"start":{"line":203,"column":6},"end":{"line":206,"column":9}},"56":{"start":{"line":211,"column":6},"end":{"line":214,"column":9}},"57":{"start":{"line":217,"column":6},"end":{"line":217,"column":52}},"58":{"start":{"line":220,"column":6},"end":{"line":220,"column":91}},"59":{"start":{"line":223,"column":6},"end":{"line":223,"column":59}},"60":{"start":{"line":226,"column":6},"end":{"line":226,"column":44}},"61":{"start":{"line":227,"column":6},"end":{"line":227,"column":18}},"62":{"start":{"line":234,"column":6},"end":{"line":234,"column":46}},"63":{"start":{"line":234,"column":25},"end":{"line":234,"column":46}},"64":{"start":{"line":235,"column":6},"end":{"line":235,"column":45}},"65":{"start":{"line":241,"column":6},"end":{"line":241,"column":42}},"66":{"start":{"line":241,"column":23},"end":{"line":241,"column":42}},"67":{"start":{"line":242,"column":6},"end":{"line":242,"column":46}},"68":{"start":{"line":245,"column":6},"end":{"line":245,"column":44}},"69":{"start":{"line":245,"column":24},"end":{"line":245,"column":44}},"70":{"start":{"line":246,"column":6},"end":{"line":246,"column":43}},"71":{"start":{"line":252,"column":6},"end":{"line":252,"column":44}},"72":{"start":{"line":252,"column":24},"end":{"line":252,"column":44}},"73":{"start":{"line":253,"column":6},"end":{"line":253,"column":49}},"74":{"start":{"line":256,"column":6},"end":{"line":256,"column":52}},"75":{"start":{"line":256,"column":28},"end":{"line":256,"column":52}},"76":{"start":{"line":257,"column":6},"end":{"line":257,"column":51}},"77":{"start":{"line":263,"column":6},"end":{"line":263,"column":42}},"78":{"start":{"line":263,"column":23},"end":{"line":263,"column":42}},"79":{"start":{"line":264,"column":6},"end":{"line":264,"column":46}},"80":{"start":{"line":270,"column":6},"end":{"line":270,"column":50}},"81":{"start":{"line":270,"column":27},"end":{"line":270,"column":50}},"82":{"start":{"line":271,"column":6},"end":{"line":271,"column":49}},"83":{"start":{"line":277,"column":6},"end":{"line":277,"column":48}},"84":{"start":{"line":277,"column":26},"end":{"line":277,"column":48}},"85":{"start":{"line":278,"column":6},"end":{"line":278,"column":55}},"86":{"start":{"line":281,"column":6},"end":{"line":281,"column":42}},"87":{"start":{"line":281,"column":23},"end":{"line":281,"column":42}},"88":{"start":{"line":282,"column":6},"end":{"line":282,"column":46}},"89":{"start":{"line":285,"column":6},"end":{"line":285,"column":42}},"90":{"start":{"line":285,"column":30},"end":{"line":285,"column":42}},"91":{"start":{"line":286,"column":6},"end":{"line":286,"column":50}},"92":{"start":{"line":286,"column":27},"end":{"line":286,"column":50}},"93":{"start":{"line":287,"column":6},"end":{"line":287,"column":58}}},"fnMap":{"0":{"name":"(anonymous_0)","decl":{"start":{"line":16,"column":2},"end":{"line":16,"column":3}},"loc":{"start":{"line":16,"column":19},"end":{"line":18,"column":3}},"line":16},"1":{"name":"(anonymous_1)","decl":{"start":{"line":19,"column":2},"end":{"line":19,"column":3}},"loc":{"start":{"line":19,"column":20},"end":{"line":21,"column":3}},"line":19},"2":{"name":"(anonymous_2)","decl":{"start":{"line":22,"column":2},"end":{"line":22,"column":3}},"loc":{"start":{"line":22,"column":20},"end":{"line":27,"column":3}},"line":22},"3":{"name":"(anonymous_3)","decl":{"start":{"line":35,"column":11},"end":{"line":35,"column":12}},"loc":{"start":{"line":35,"column":41},"end":{"line":37,"column":5}},"line":35},"4":{"name":"(anonymous_4)","decl":{"start":{"line":38,"column":10},"end":{"line":38,"column":11}},"loc":{"start":{"line":38,"column":44},"end":{"line":40,"column":5}},"line":38},"5":{"name":"(anonymous_5)","decl":{"start":{"line":43,"column":12},"end":{"line":43,"column":13}},"loc":{"start":{"line":43,"column":50},"end":{"line":45,"column":5}},"line":43},"6":{"name":"(anonymous_6)","decl":{"start":{"line":46,"column":11},"end":{"line":46,"column":12}},"loc":{"start":{"line":46,"column":45},"end":{"line":48,"column":5}},"line":46},"7":{"name":"(anonymous_7)","decl":{"start":{"line":51,"column":11},"end":{"line":51,"column":12}},"loc":{"start":{"line":51,"column":50},"end":{"line":53,"column":5}},"line":51},"8":{"name":"(anonymous_8)","decl":{"start":{"line":54,"column":10},"end":{"line":54,"column":11}},"loc":{"start":{"line":54,"column":44},"end":{"line":56,"column":5}},"line":54},"9":{"name":"(anonymous_9)","decl":{"start":{"line":59,"column":15},"end":{"line":59,"column":16}},"loc":{"start":{"line":59,"column":53},"end":{"line":61,"column":5}},"line":59},"10":{"name":"(anonymous_10)","decl":{"start":{"line":62,"column":14},"end":{"line":62,"column":15}},"loc":{"start":{"line":62,"column":48},"end":{"line":64,"column":5}},"line":62},"11":{"name":"(anonymous_11)","decl":{"start":{"line":67,"column":14},"end":{"line":67,"column":15}},"loc":{"start":{"line":67,"column":65},"end":{"line":69,"column":5}},"line":67},"12":{"name":"(anonymous_12)","decl":{"start":{"line":70,"column":13},"end":{"line":70,"column":14}},"loc":{"start":{"line":70,"column":47},"end":{"line":72,"column":5}},"line":70},"13":{"name":"(anonymous_13)","decl":{"start":{"line":73,"column":24},"end":{"line":73,"column":25}},"loc":{"start":{"line":73,"column":87},"end":{"line":75,"column":5}},"line":73},"14":{"name":"(anonymous_14)","decl":{"start":{"line":78,"column":14},"end":{"line":78,"column":15}},"loc":{"start":{"line":78,"column":55},"end":{"line":80,"column":5}},"line":78},"15":{"name":"(anonymous_15)","decl":{"start":{"line":81,"column":13},"end":{"line":81,"column":14}},"loc":{"start":{"line":81,"column":47},"end":{"line":83,"column":5}},"line":81},"16":{"name":"(anonymous_16)","decl":{"start":{"line":86,"column":14},"end":{"line":86,"column":15}},"loc":{"start":{"line":86,"column":44},"end":{"line":88,"column":5}},"line":86},"17":{"name":"(anonymous_17)","decl":{"start":{"line":91,"column":16},"end":{"line":91,"column":17}},"loc":{"start":{"line":91,"column":79},"end":{"line":93,"column":5}},"line":91},"18":{"name":"(anonymous_18)","decl":{"start":{"line":94,"column":17},"end":{"line":94,"column":18}},"loc":{"start":{"line":94,"column":67},"end":{"line":96,"column":5}},"line":94},"19":{"name":"(anonymous_19)","decl":{"start":{"line":97,"column":18},"end":{"line":97,"column":19}},"loc":{"start":{"line":97,"column":81},"end":{"line":99,"column":5}},"line":97},"20":{"name":"(anonymous_20)","decl":{"start":{"line":100,"column":23},"end":{"line":100,"column":24}},"loc":{"start":{"line":100,"column":80},"end":{"line":102,"column":5}},"line":100},"21":{"name":"(anonymous_21)","decl":{"start":{"line":105,"column":16},"end":{"line":105,"column":17}},"loc":{"start":{"line":105,"column":59},"end":{"line":107,"column":5}},"line":105},"22":{"name":"(anonymous_22)","decl":{"start":{"line":108,"column":15},"end":{"line":108,"column":16}},"loc":{"start":{"line":108,"column":49},"end":{"line":110,"column":5}},"line":108},"23":{"name":"(anonymous_23)","decl":{"start":{"line":115,"column":16},"end":{"line":115,"column":17}},"loc":{"start":{"line":115,"column":53},"end":{"line":117,"column":5}},"line":115},"24":{"name":"(anonymous_24)","decl":{"start":{"line":118,"column":16},"end":{"line":118,"column":17}},"loc":{"start":{"line":118,"column":57},"end":{"line":120,"column":5}},"line":118},"25":{"name":"(anonymous_25)","decl":{"start":{"line":121,"column":16},"end":{"line":121,"column":17}},"loc":{"start":{"line":121,"column":50},"end":{"line":124,"column":5}},"line":121},"26":{"name":"(anonymous_26)","decl":{"start":{"line":127,"column":17},"end":{"line":127,"column":18}},"loc":{"start":{"line":127,"column":54},"end":{"line":129,"column":5}},"line":127},"27":{"name":"(anonymous_27)","decl":{"start":{"line":130,"column":17},"end":{"line":130,"column":18}},"loc":{"start":{"line":130,"column":58},"end":{"line":132,"column":5}},"line":130},"28":{"name":"(anonymous_28)","decl":{"start":{"line":133,"column":17},"end":{"line":133,"column":18}},"loc":{"start":{"line":133,"column":51},"end":{"line":136,"column":5}},"line":133},"29":{"name":"(anonymous_29)","decl":{"start":{"line":139,"column":16},"end":{"line":139,"column":17}},"loc":{"start":{"line":139,"column":53},"end":{"line":141,"column":5}},"line":139},"30":{"name":"(anonymous_30)","decl":{"start":{"line":142,"column":16},"end":{"line":142,"column":17}},"loc":{"start":{"line":142,"column":57},"end":{"line":144,"column":5}},"line":142},"31":{"name":"(anonymous_31)","decl":{"start":{"line":145,"column":16},"end":{"line":145,"column":17}},"loc":{"start":{"line":145,"column":50},"end":{"line":148,"column":5}},"line":145},"32":{"name":"(anonymous_32)","decl":{"start":{"line":151,"column":20},"end":{"line":151,"column":21}},"loc":{"start":{"line":151,"column":57},"end":{"line":153,"column":5}},"line":151},"33":{"name":"(anonymous_33)","decl":{"start":{"line":154,"column":20},"end":{"line":154,"column":21}},"loc":{"start":{"line":154,"column":61},"end":{"line":156,"column":5}},"line":154},"34":{"name":"(anonymous_34)","decl":{"start":{"line":157,"column":20},"end":{"line":157,"column":21}},"loc":{"start":{"line":157,"column":54},"end":{"line":160,"column":5}},"line":157},"35":{"name":"(anonymous_35)","decl":{"start":{"line":163,"column":19},"end":{"line":163,"column":20}},"loc":{"start":{"line":163,"column":56},"end":{"line":165,"column":5}},"line":163},"36":{"name":"(anonymous_36)","decl":{"start":{"line":166,"column":19},"end":{"line":166,"column":20}},"loc":{"start":{"line":166,"column":60},"end":{"line":168,"column":5}},"line":166},"37":{"name":"(anonymous_37)","decl":{"start":{"line":169,"column":19},"end":{"line":169,"column":20}},"loc":{"start":{"line":169,"column":53},"end":{"line":172,"column":5}},"line":169},"38":{"name":"(anonymous_38)","decl":{"start":{"line":175,"column":19},"end":{"line":175,"column":20}},"loc":{"start":{"line":175,"column":56},"end":{"line":177,"column":5}},"line":175},"39":{"name":"(anonymous_39)","decl":{"start":{"line":178,"column":19},"end":{"line":178,"column":20}},"loc":{"start":{"line":178,"column":60},"end":{"line":180,"column":5}},"line":178},"40":{"name":"(anonymous_40)","decl":{"start":{"line":181,"column":19},"end":{"line":181,"column":20}},"loc":{"start":{"line":181,"column":53},"end":{"line":184,"column":5}},"line":181},"41":{"name":"(anonymous_41)","decl":{"start":{"line":185,"column":27},"end":{"line":185,"column":28}},"loc":{"start":{"line":185,"column":68},"end":{"line":188,"column":5}},"line":185},"42":{"name":"(anonymous_42)","decl":{"start":{"line":191,"column":20},"end":{"line":191,"column":21}},"loc":{"start":{"line":191,"column":57},"end":{"line":193,"column":5}},"line":191},"43":{"name":"(anonymous_43)","decl":{"start":{"line":196,"column":21},"end":{"line":196,"column":22}},"loc":{"start":{"line":196,"column":58},"end":{"line":201,"column":5}},"line":196},"44":{"name":"(anonymous_44)","decl":{"start":{"line":202,"column":23},"end":{"line":202,"column":24}},"loc":{"start":{"line":202,"column":60},"end":{"line":207,"column":5}},"line":202},"45":{"name":"(anonymous_45)","decl":{"start":{"line":210,"column":21},"end":{"line":210,"column":22}},"loc":{"start":{"line":210,"column":58},"end":{"line":215,"column":5}},"line":210},"46":{"name":"(anonymous_46)","decl":{"start":{"line":216,"column":21},"end":{"line":216,"column":22}},"loc":{"start":{"line":216,"column":62},"end":{"line":218,"column":5}},"line":216},"47":{"name":"(anonymous_47)","decl":{"start":{"line":219,"column":27},"end":{"line":219,"column":28}},"loc":{"start":{"line":219,"column":97},"end":{"line":221,"column":5}},"line":219},"48":{"name":"(anonymous_48)","decl":{"start":{"line":222,"column":25},"end":{"line":222,"column":26}},"loc":{"start":{"line":222,"column":69},"end":{"line":224,"column":5}},"line":222},"49":{"name":"(anonymous_49)","decl":{"start":{"line":225,"column":21},"end":{"line":225,"column":22}},"loc":{"start":{"line":225,"column":55},"end":{"line":228,"column":5}},"line":225},"50":{"name":"(anonymous_50)","decl":{"start":{"line":233,"column":12},"end":{"line":233,"column":13}},"loc":{"start":{"line":233,"column":30},"end":{"line":236,"column":5}},"line":233},"51":{"name":"(anonymous_51)","decl":{"start":{"line":240,"column":10},"end":{"line":240,"column":11}},"loc":{"start":{"line":240,"column":28},"end":{"line":243,"column":5}},"line":240},"52":{"name":"(anonymous_52)","decl":{"start":{"line":244,"column":11},"end":{"line":244,"column":12}},"loc":{"start":{"line":244,"column":29},"end":{"line":247,"column":5}},"line":244},"53":{"name":"(anonymous_53)","decl":{"start":{"line":251,"column":11},"end":{"line":251,"column":12}},"loc":{"start":{"line":251,"column":29},"end":{"line":254,"column":5}},"line":251},"54":{"name":"(anonymous_54)","decl":{"start":{"line":255,"column":15},"end":{"line":255,"column":16}},"loc":{"start":{"line":255,"column":33},"end":{"line":258,"column":5}},"line":255},"55":{"name":"(anonymous_55)","decl":{"start":{"line":262,"column":10},"end":{"line":262,"column":11}},"loc":{"start":{"line":262,"column":28},"end":{"line":265,"column":5}},"line":262},"56":{"name":"(anonymous_56)","decl":{"start":{"line":269,"column":14},"end":{"line":269,"column":15}},"loc":{"start":{"line":269,"column":32},"end":{"line":272,"column":5}},"line":269},"57":{"name":"(anonymous_57)","decl":{"start":{"line":276,"column":13},"end":{"line":276,"column":14}},"loc":{"start":{"line":276,"column":31},"end":{"line":279,"column":5}},"line":276},"58":{"name":"(anonymous_58)","decl":{"start":{"line":280,"column":10},"end":{"line":280,"column":11}},"loc":{"start":{"line":280,"column":28},"end":{"line":283,"column":5}},"line":280},"59":{"name":"(anonymous_59)","decl":{"start":{"line":284,"column":14},"end":{"line":284,"column":15}},"loc":{"start":{"line":284,"column":32},"end":{"line":288,"column":5}},"line":284}},"branchMap":{"0":{"loc":{"start":{"line":23,"column":4},"end":{"line":25,"column":5}},"type":"if","locations":[{"start":{"line":23,"column":4},"end":{"line":25,"column":5}},{"start":{},"end":{}}],"line":23},"1":{"loc":{"start":{"line":234,"column":6},"end":{"line":234,"column":46}},"type":"if","locations":[{"start":{"line":234,"column":6},"end":{"line":234,"column":46}},{"start":{},"end":{}}],"line":234},"2":{"loc":{"start":{"line":241,"column":6},"end":{"line":241,"column":42}},"type":"if","locations":[{"start":{"line":241,"column":6},"end":{"line":241,"column":42}},{"start":{},"end":{}}],"line":241},"3":{"loc":{"start":{"line":245,"column":6},"end":{"line":245,"column":44}},"type":"if","locations":[{"start":{"line":245,"column":6},"end":{"line":245,"column":44}},{"start":{},"end":{}}],"line":245},"4":{"loc":{"start":{"line":252,"column":6},"end":{"line":252,"column":44}},"type":"if","locations":[{"start":{"line":252,"column":6},"end":{"line":252,"column":44}},{"start":{},"end":{}}],"line":252},"5":{"loc":{"start":{"line":256,"column":6},"end":{"line":256,"column":52}},"type":"if","locations":[{"start":{"line":256,"column":6},"end":{"line":256,"column":52}},{"start":{},"end":{}}],"line":256},"6":{"loc":{"start":{"line":263,"column":6},"end":{"line":263,"column":42}},"type":"if","locations":[{"start":{"line":263,"column":6},"end":{"line":263,"column":42}},{"start":{},"end":{}}],"line":263},"7":{"loc":{"start":{"line":270,"column":6},"end":{"line":270,"column":50}},"type":"if","locations":[{"start":{"line":270,"column":6},"end":{"line":270,"column":50}},{"start":{},"end":{}}],"line":270},"8":{"loc":{"start":{"line":277,"column":6},"end":{"line":277,"column":48}},"type":"if","locations":[{"start":{"line":277,"column":6},"end":{"line":277,"column":48}},{"start":{},"end":{}}],"line":277},"9":{"loc":{"start":{"line":281,"column":6},"end":{"line":281,"column":42}},"type":"if","locations":[{"start":{"line":281,"column":6},"end":{"line":281,"column":42}},{"start":{},"end":{}}],"line":281},"10":{"loc":{"start":{"line":285,"column":6},"end":{"line":285,"column":42}},"type":"if","locations":[{"start":{"line":285,"column":6},"end":{"line":285,"column":42}},{"start":{},"end":{}}],"line":285},"11":{"loc":{"start":{"line":286,"column":6},"end":{"line":286,"column":50}},"type":"if","locations":[{"start":{"line":286,"column":6},"end":{"line":286,"column":50}},{"start":{},"end":{}}],"line":286}},"s":{"0":1,"1":1,"2":1,"3":0,"4":0,"5":0,"6":1,"7":1,"8":1,"9":1,"10":0,"11":0,"12":0,"13":0,"14":0,"15":1,"16":0,"17":0,"18":0,"19":0,"20":1,"21":0,"22":0,"23":0,"24":0,"25":0,"26":0,"27":1,"28":1,"29":1,"30":1,"31":0,"32":0,"33":0,"34":0,"35":0,"36":0,"37":0,"38":0,"39":0,"40":0,"41":0,"42":0,"43":0,"44":0,"45":0,"46":0,"47":1,"48":0,"49":0,"50":0,"51":0,"52":0,"53":1,"54":0,"55":0,"56":0,"57":0,"58":0,"59":0,"60":0,"61":0,"62":0,"63":0,"64":0,"65":0,"66":0,"67":0,"68":0,"69":0,"70":0,"71":0,"72":0,"73":0,"74":0,"75":0,"76":0,"77":0,"78":0,"79":0,"80":0,"81":0,"82":0,"83":0,"84":0,"85":0,"86":0,"87":0,"88":0,"89":0,"90":0,"91":0,"92":0,"93":0},"f":{"0":1,"1":1,"2":0,"3":1,"4":1,"5":1,"6":0,"7":0,"8":0,"9":0,"10":0,"11":1,"12":0,"13":0,"14":0,"15":0,"16":1,"17":0,"18":0,"19":0,"20":0,"21":0,"22":0,"23":1,"24":1,"25":1,"26":0,"27":0,"28":0,"29":0,"30":0,"31":0,"32":0,"33":0,"34":0,"35":0,"36":0,"37":0,"38":1,"39":0,"40":0,"41":0,"42":1,"43":0,"44":0,"45":0,"46":0,"47":0,"48":0,"49":0,"50":0,"51":0,"52":0,"53":0,"54":0,"55":0,"56":0,"57":0,"58":0,"59":0},"b":{"0":[0,0],"1":[0,0],"2":[0,0],"3":[0,0],"4":[0,0],"5":[0,0],"6":[0,0],"7":[0,0],"8":[0,0],"9":[0,0],"10":[0,0],"11":[0,0]},"_coverageSchema":"1a1c01bbd47fc00a2c39e90264f33305004495a9","hash":"c72707b8ed1ddbed1df167fa688a3dec31cffa91"}
,"/home/sonuram/Desktop/modelsearch-pro/app/graphql/schema/analytics.js": {"path":"/home/sonuram/Desktop/modelsearch-pro/app/graphql/schema/analytics.js","statementMap":{"0":{"start":{"line":10,"column":24},"end":{"line":103,"column":1}},"1":{"start":{"line":105,"column":25},"end":{"line":134,"column":1}},"2":{"start":{"line":108,"column":6},"end":{"line":108,"column":78}},"3":{"start":{"line":111,"column":6},"end":{"line":111,"column":66}},"4":{"start":{"line":114,"column":6},"end":{"line":114,"column":80}},"5":{"start":{"line":117,"column":6},"end":{"line":117,"column":79}},"6":{"start":{"line":122,"column":6},"end":{"line":125,"column":9}},"7":{"start":{"line":128,"column":6},"end":{"line":131,"column":9}}},"fnMap":{"0":{"name":"(anonymous_0)","decl":{"start":{"line":107,"column":16},"end":{"line":107,"column":17}},"loc":{"start":{"line":107,"column":79},"end":{"line":109,"column":5}},"line":107},"1":{"name":"(anonymous_1)","decl":{"start":{"line":110,"column":17},"end":{"line":110,"column":18}},"loc":{"start":{"line":110,"column":67},"end":{"line":112,"column":5}},"line":110},"2":{"name":"(anonymous_2)","decl":{"start":{"line":113,"column":18},"end":{"line":113,"column":19}},"loc":{"start":{"line":113,"column":81},"end":{"line":115,"column":5}},"line":113},"3":{"name":"(anonymous_3)","decl":{"start":{"line":116,"column":23},"end":{"line":116,"column":24}},"loc":{"start":{"line":116,"column":80},"end":{"line":118,"column":5}},"line":116},"4":{"name":"(anonymous_4)","decl":{"start":{"line":121,"column":21},"end":{"line":121,"column":22}},"loc":{"start":{"line":121,"column":58},"end":{"line":126,"column":5}},"line":121},"5":{"name":"(anonymous_5)","decl":{"start":{"line":127,"column":23},"end":{"line":127,"column":24}},"loc":{"start":{"line":127,"column":60},"end":{"line":132,"column":5}},"line":127}},"branchMap":{},"s":{"0":0,"1":0,"2":0,"3":0,"4":0,"5":0,"6":0,"7":0},"f":{"0":0,"1":0,"2":0,"3":0,"4":0,"5":0},"b":{}}
,"/home/sonuram/Desktop/modelsearch-pro/app/graphql/schema/fitment.js": {"path":"/home/sonuram/Desktop/modelsearch-pro/app/graphql/schema/fitment.js","statementMap":{"0":{"start":{"line":10,"column":24},"end":{"line":47,"column":1}},"1":{"start":{"line":49,"column":25},"end":{"line":74,"column":1}},"2":{"start":{"line":52,"column":6},"end":{"line":52,"column":36}},"3":{"start":{"line":55,"column":6},"end":{"line":55,"column":28}},"4":{"start":{"line":60,"column":6},"end":{"line":60,"column":34}},"5":{"start":{"line":63,"column":6},"end":{"line":63,"column":38}},"6":{"start":{"line":66,"column":6},"end":{"line":66,"column":30}},"7":{"start":{"line":67,"column":6},"end":{"line":67,"column":18}},"8":{"start":{"line":70,"column":6},"end":{"line":70,"column":45}},"9":{"start":{"line":71,"column":6},"end":{"line":71,"column":18}}},"fnMap":{"0":{"name":"(anonymous_0)","decl":{"start":{"line":51,"column":14},"end":{"line":51,"column":15}},"loc":{"start":{"line":51,"column":55},"end":{"line":53,"column":5}},"line":51},"1":{"name":"(anonymous_1)","decl":{"start":{"line":54,"column":13},"end":{"line":54,"column":14}},"loc":{"start":{"line":54,"column":47},"end":{"line":56,"column":5}},"line":54},"2":{"name":"(anonymous_2)","decl":{"start":{"line":59,"column":19},"end":{"line":59,"column":20}},"loc":{"start":{"line":59,"column":56},"end":{"line":61,"column":5}},"line":59},"3":{"name":"(anonymous_3)","decl":{"start":{"line":62,"column":19},"end":{"line":62,"column":20}},"loc":{"start":{"line":62,"column":60},"end":{"line":64,"column":5}},"line":62},"4":{"name":"(anonymous_4)","decl":{"start":{"line":65,"column":19},"end":{"line":65,"column":20}},"loc":{"start":{"line":65,"column":53},"end":{"line":68,"column":5}},"line":65},"5":{"name":"(anonymous_5)","decl":{"start":{"line":69,"column":27},"end":{"line":69,"column":28}},"loc":{"start":{"line":69,"column":68},"end":{"line":72,"column":5}},"line":69}},"branchMap":{},"s":{"0":0,"1":0,"2":0,"3":0,"4":0,"5":0,"6":0,"7":0,"8":0,"9":0},"f":{"0":0,"1":0,"2":0,"3":0,"4":0,"5":0},"b":{}}
,"/home/sonuram/Desktop/modelsearch-pro/app/graphql/schema/import.js": {"path":"/home/sonuram/Desktop/modelsearch-pro/app/graphql/schema/import.js","statementMap":{"0":{"start":{"line":13,"column":24},"end":{"line":58,"column":1}},"1":{"start":{"line":60,"column":25},"end":{"line":96,"column":1}},"2":{"start":{"line":63,"column":6},"end":{"line":63,"column":58}},"3":{"start":{"line":66,"column":6},"end":{"line":66,"column":30}},"4":{"start":{"line":69,"column":6},"end":{"line":69,"column":48}},"5":{"start":{"line":72,"column":6},"end":{"line":72,"column":51}},"6":{"start":{"line":77,"column":6},"end":{"line":80,"column":9}},"7":{"start":{"line":83,"column":6},"end":{"line":83,"column":40}},"8":{"start":{"line":86,"column":6},"end":{"line":86,"column":79}},"9":{"start":{"line":89,"column":6},"end":{"line":89,"column":47}},"10":{"start":{"line":92,"column":6},"end":{"line":92,"column":32}},"11":{"start":{"line":93,"column":6},"end":{"line":93,"column":18}}},"fnMap":{"0":{"name":"(anonymous_0)","decl":{"start":{"line":62,"column":16},"end":{"line":62,"column":17}},"loc":{"start":{"line":62,"column":59},"end":{"line":64,"column":5}},"line":62},"1":{"name":"(anonymous_1)","decl":{"start":{"line":65,"column":15},"end":{"line":65,"column":16}},"loc":{"start":{"line":65,"column":49},"end":{"line":67,"column":5}},"line":65},"2":{"name":"(anonymous_2)","decl":{"start":{"line":68,"column":23},"end":{"line":68,"column":24}},"loc":{"start":{"line":68,"column":53},"end":{"line":70,"column":5}},"line":68},"3":{"name":"(anonymous_3)","decl":{"start":{"line":71,"column":26},"end":{"line":71,"column":27}},"loc":{"start":{"line":71,"column":56},"end":{"line":73,"column":5}},"line":71},"4":{"name":"(anonymous_4)","decl":{"start":{"line":76,"column":21},"end":{"line":76,"column":22}},"loc":{"start":{"line":76,"column":58},"end":{"line":81,"column":5}},"line":76},"5":{"name":"(anonymous_5)","decl":{"start":{"line":82,"column":21},"end":{"line":82,"column":22}},"loc":{"start":{"line":82,"column":62},"end":{"line":84,"column":5}},"line":82},"6":{"name":"(anonymous_6)","decl":{"start":{"line":85,"column":27},"end":{"line":85,"column":28}},"loc":{"start":{"line":85,"column":97},"end":{"line":87,"column":5}},"line":85},"7":{"name":"(anonymous_7)","decl":{"start":{"line":88,"column":25},"end":{"line":88,"column":26}},"loc":{"start":{"line":88,"column":69},"end":{"line":90,"column":5}},"line":88},"8":{"name":"(anonymous_8)","decl":{"start":{"line":91,"column":21},"end":{"line":91,"column":22}},"loc":{"start":{"line":91,"column":55},"end":{"line":94,"column":5}},"line":91}},"branchMap":{},"s":{"0":0,"1":0,"2":0,"3":0,"4":0,"5":0,"6":0,"7":0,"8":0,"9":0,"10":0,"11":0},"f":{"0":0,"1":0,"2":0,"3":0,"4":0,"5":0,"6":0,"7":0,"8":0},"b":{}}
,"/home/sonuram/Desktop/modelsearch-pro/app/graphql/schema/index.js": {"path":"/home/sonuram/Desktop/modelsearch-pro/app/graphql/schema/index.js","statementMap":{"0":{"start":{"line":5,"column":22},"end":{"line":8,"column":2}}},"fnMap":{},"branchMap":{},"s":{"0":0},"f":{},"b":{}}
,"/home/sonuram/Desktop/modelsearch-pro/app/graphql/schema/make.js": {"path":"/home/sonuram/Desktop/modelsearch-pro/app/graphql/schema/make.js","statementMap":{"0":{"start":{"line":9,"column":24},"end":{"line":37,"column":1}},"1":{"start":{"line":39,"column":25},"end":{"line":60,"column":1}},"2":{"start":{"line":42,"column":6},"end":{"line":42,"column":36}},"3":{"start":{"line":45,"column":6},"end":{"line":45,"column":25}},"4":{"start":{"line":50,"column":6},"end":{"line":50,"column":31}},"5":{"start":{"line":53,"column":6},"end":{"line":53,"column":35}},"6":{"start":{"line":56,"column":6},"end":{"line":56,"column":27}},"7":{"start":{"line":57,"column":6},"end":{"line":57,"column":18}}},"fnMap":{"0":{"name":"(anonymous_0)","decl":{"start":{"line":41,"column":11},"end":{"line":41,"column":12}},"loc":{"start":{"line":41,"column":41},"end":{"line":43,"column":5}},"line":41},"1":{"name":"(anonymous_1)","decl":{"start":{"line":44,"column":10},"end":{"line":44,"column":11}},"loc":{"start":{"line":44,"column":44},"end":{"line":46,"column":5}},"line":44},"2":{"name":"(anonymous_2)","decl":{"start":{"line":49,"column":16},"end":{"line":49,"column":17}},"loc":{"start":{"line":49,"column":53},"end":{"line":51,"column":5}},"line":49},"3":{"name":"(anonymous_3)","decl":{"start":{"line":52,"column":16},"end":{"line":52,"column":17}},"loc":{"start":{"line":52,"column":57},"end":{"line":54,"column":5}},"line":52},"4":{"name":"(anonymous_4)","decl":{"start":{"line":55,"column":16},"end":{"line":55,"column":17}},"loc":{"start":{"line":55,"column":50},"end":{"line":58,"column":5}},"line":55}},"branchMap":{},"s":{"0":0,"1":0,"2":0,"3":0,"4":0,"5":0,"6":0,"7":0},"f":{"0":0,"1":0,"2":0,"3":0,"4":0},"b":{}}
,"/home/sonuram/Desktop/modelsearch-pro/app/graphql/schema/model.js": {"path":"/home/sonuram/Desktop/modelsearch-pro/app/graphql/schema/model.js","statementMap":{"0":{"start":{"line":9,"column":24},"end":{"line":40,"column":1}},"1":{"start":{"line":42,"column":25},"end":{"line":63,"column":1}},"2":{"start":{"line":45,"column":6},"end":{"line":45,"column":31}},"3":{"start":{"line":48,"column":6},"end":{"line":48,"column":26}},"4":{"start":{"line":53,"column":6},"end":{"line":53,"column":32}},"5":{"start":{"line":56,"column":6},"end":{"line":56,"column":36}},"6":{"start":{"line":59,"column":6},"end":{"line":59,"column":28}},"7":{"start":{"line":60,"column":6},"end":{"line":60,"column":18}}},"fnMap":{"0":{"name":"(anonymous_0)","decl":{"start":{"line":44,"column":12},"end":{"line":44,"column":13}},"loc":{"start":{"line":44,"column":50},"end":{"line":46,"column":5}},"line":44},"1":{"name":"(anonymous_1)","decl":{"start":{"line":47,"column":11},"end":{"line":47,"column":12}},"loc":{"start":{"line":47,"column":45},"end":{"line":49,"column":5}},"line":47},"2":{"name":"(anonymous_2)","decl":{"start":{"line":52,"column":17},"end":{"line":52,"column":18}},"loc":{"start":{"line":52,"column":54},"end":{"line":54,"column":5}},"line":52},"3":{"name":"(anonymous_3)","decl":{"start":{"line":55,"column":17},"end":{"line":55,"column":18}},"loc":{"start":{"line":55,"column":58},"end":{"line":57,"column":5}},"line":55},"4":{"name":"(anonymous_4)","decl":{"start":{"line":58,"column":17},"end":{"line":58,"column":18}},"loc":{"start":{"line":58,"column":51},"end":{"line":61,"column":5}},"line":58}},"branchMap":{},"s":{"0":0,"1":0,"2":0,"3":0,"4":0,"5":0,"6":0,"7":0},"f":{"0":0,"1":0,"2":0,"3":0,"4":0},"b":{}}
,"/home/sonuram/Desktop/modelsearch-pro/app/graphql/schema/product.js": {"path":"/home/sonuram/Desktop/modelsearch-pro/app/graphql/schema/product.js","statementMap":{"0":{"start":{"line":10,"column":24},"end":{"line":55,"column":1}},"1":{"start":{"line":57,"column":25},"end":{"line":81,"column":1}},"2":{"start":{"line":60,"column":6},"end":{"line":60,"column":64}},"3":{"start":{"line":63,"column":6},"end":{"line":63,"column":42}},"4":{"start":{"line":66,"column":6},"end":{"line":66,"column":98}},"5":{"start":{"line":71,"column":6},"end":{"line":71,"column":61}},"6":{"start":{"line":74,"column":6},"end":{"line":74,"column":52}},"7":{"start":{"line":77,"column":6},"end":{"line":77,"column":44}},"8":{"start":{"line":78,"column":6},"end":{"line":78,"column":18}}},"fnMap":{"0":{"name":"(anonymous_0)","decl":{"start":{"line":59,"column":14},"end":{"line":59,"column":15}},"loc":{"start":{"line":59,"column":79},"end":{"line":61,"column":5}},"line":59},"1":{"name":"(anonymous_1)","decl":{"start":{"line":62,"column":13},"end":{"line":62,"column":14}},"loc":{"start":{"line":62,"column":47},"end":{"line":64,"column":5}},"line":62},"2":{"name":"(anonymous_2)","decl":{"start":{"line":65,"column":24},"end":{"line":65,"column":25}},"loc":{"start":{"line":65,"column":96},"end":{"line":67,"column":5}},"line":65},"3":{"name":"(anonymous_3)","decl":{"start":{"line":70,"column":19},"end":{"line":70,"column":20}},"loc":{"start":{"line":70,"column":56},"end":{"line":72,"column":5}},"line":70},"4":{"name":"(anonymous_4)","decl":{"start":{"line":73,"column":19},"end":{"line":73,"column":20}},"loc":{"start":{"line":73,"column":60},"end":{"line":75,"column":5}},"line":73},"5":{"name":"(anonymous_5)","decl":{"start":{"line":76,"column":19},"end":{"line":76,"column":20}},"loc":{"start":{"line":76,"column":53},"end":{"line":79,"column":5}},"line":76}},"branchMap":{"0":{"loc":{"start":{"line":59,"column":26},"end":{"line":59,"column":34}},"type":"default-arg","locations":[{"start":{"line":59,"column":33},"end":{"line":59,"column":34}}],"line":59},"1":{"loc":{"start":{"line":59,"column":36},"end":{"line":59,"column":46}},"type":"default-arg","locations":[{"start":{"line":59,"column":44},"end":{"line":59,"column":46}}],"line":59},"2":{"loc":{"start":{"line":59,"column":48},"end":{"line":59,"column":59}},"type":"default-arg","locations":[{"start":{"line":59,"column":57},"end":{"line":59,"column":59}}],"line":59},"3":{"loc":{"start":{"line":65,"column":56},"end":{"line":65,"column":64}},"type":"default-arg","locations":[{"start":{"line":65,"column":63},"end":{"line":65,"column":64}}],"line":65},"4":{"loc":{"start":{"line":65,"column":66},"end":{"line":65,"column":76}},"type":"default-arg","locations":[{"start":{"line":65,"column":74},"end":{"line":65,"column":76}}],"line":65}},"s":{"0":0,"1":0,"2":0,"3":0,"4":0,"5":0,"6":0,"7":0,"8":0},"f":{"0":0,"1":0,"2":0,"3":0,"4":0,"5":0},"b":{"0":[0],"1":[0],"2":[0],"3":[0],"4":[0]}}
,"/home/sonuram/Desktop/modelsearch-pro/app/graphql/schema/scalars.js": {"path":"/home/sonuram/Desktop/modelsearch-pro/app/graphql/schema/scalars.js","statementMap":{"0":{"start":{"line":4,"column":19},"end":{"line":19,"column":2}},"1":{"start":{"line":8,"column":4},"end":{"line":8,"column":31}},"2":{"start":{"line":11,"column":4},"end":{"line":11,"column":27}},"3":{"start":{"line":14,"column":4},"end":{"line":16,"column":5}},"4":{"start":{"line":15,"column":6},"end":{"line":15,"column":33}},"5":{"start":{"line":17,"column":4},"end":{"line":17,"column":16}},"6":{"start":{"line":21,"column":24},"end":{"line":23,"column":1}},"7":{"start":{"line":25,"column":25},"end":{"line":27,"column":1}}},"fnMap":{"0":{"name":"(anonymous_0)","decl":{"start":{"line":7,"column":2},"end":{"line":7,"column":3}},"loc":{"start":{"line":7,"column":19},"end":{"line":9,"column":3}},"line":7},"1":{"name":"(anonymous_1)","decl":{"start":{"line":10,"column":2},"end":{"line":10,"column":3}},"loc":{"start":{"line":10,"column":20},"end":{"line":12,"column":3}},"line":10},"2":{"name":"(anonymous_2)","decl":{"start":{"line":13,"column":2},"end":{"line":13,"column":3}},"loc":{"start":{"line":13,"column":20},"end":{"line":18,"column":3}},"line":13}},"branchMap":{"0":{"loc":{"start":{"line":14,"column":4},"end":{"line":16,"column":5}},"type":"if","locations":[{"start":{"line":14,"column":4},"end":{"line":16,"column":5}},{"start":{},"end":{}}],"line":14}},"s":{"0":0,"1":0,"2":0,"3":0,"4":0,"5":0,"6":0,"7":0},"f":{"0":0,"1":0,"2":0},"b":{"0":[0,0]}}
,"/home/sonuram/Desktop/modelsearch-pro/app/graphql/schema/settings.js": {"path":"/home/sonuram/Desktop/modelsearch-pro/app/graphql/schema/settings.js","statementMap":{"0":{"start":{"line":6,"column":24},"end":{"line":36,"column":1}},"1":{"start":{"line":38,"column":25},"end":{"line":49,"column":1}},"2":{"start":{"line":41,"column":6},"end":{"line":41,"column":39}},"3":{"start":{"line":46,"column":6},"end":{"line":46,"column":49}}},"fnMap":{"0":{"name":"(anonymous_0)","decl":{"start":{"line":40,"column":14},"end":{"line":40,"column":15}},"loc":{"start":{"line":40,"column":44},"end":{"line":42,"column":5}},"line":40},"1":{"name":"(anonymous_1)","decl":{"start":{"line":45,"column":20},"end":{"line":45,"column":21}},"loc":{"start":{"line":45,"column":57},"end":{"line":47,"column":5}},"line":45}},"branchMap":{},"s":{"0":0,"1":0,"2":0,"3":0},"f":{"0":0,"1":0},"b":{}}
,"/home/sonuram/Desktop/modelsearch-pro/app/graphql/schema/submodel.js": {"path":"/home/sonuram/Desktop/modelsearch-pro/app/graphql/schema/submodel.js","statementMap":{"0":{"start":{"line":9,"column":24},"end":{"line":39,"column":1}},"1":{"start":{"line":41,"column":25},"end":{"line":62,"column":1}},"2":{"start":{"line":44,"column":6},"end":{"line":44,"column":34}},"3":{"start":{"line":47,"column":6},"end":{"line":47,"column":29}},"4":{"start":{"line":52,"column":6},"end":{"line":52,"column":35}},"5":{"start":{"line":55,"column":6},"end":{"line":55,"column":39}},"6":{"start":{"line":58,"column":6},"end":{"line":58,"column":31}},"7":{"start":{"line":59,"column":6},"end":{"line":59,"column":18}}},"fnMap":{"0":{"name":"(anonymous_0)","decl":{"start":{"line":43,"column":15},"end":{"line":43,"column":16}},"loc":{"start":{"line":43,"column":53},"end":{"line":45,"column":5}},"line":43},"1":{"name":"(anonymous_1)","decl":{"start":{"line":46,"column":14},"end":{"line":46,"column":15}},"loc":{"start":{"line":46,"column":48},"end":{"line":48,"column":5}},"line":46},"2":{"name":"(anonymous_2)","decl":{"start":{"line":51,"column":20},"end":{"line":51,"column":21}},"loc":{"start":{"line":51,"column":57},"end":{"line":53,"column":5}},"line":51},"3":{"name":"(anonymous_3)","decl":{"start":{"line":54,"column":20},"end":{"line":54,"column":21}},"loc":{"start":{"line":54,"column":61},"end":{"line":56,"column":5}},"line":54},"4":{"name":"(anonymous_4)","decl":{"start":{"line":57,"column":20},"end":{"line":57,"column":21}},"loc":{"start":{"line":57,"column":54},"end":{"line":60,"column":5}},"line":57}},"branchMap":{},"s":{"0":0,"1":0,"2":0,"3":0,"4":0,"5":0,"6":0,"7":0},"f":{"0":0,"1":0,"2":0,"3":0,"4":0},"b":{}}
,"/home/sonuram/Desktop/modelsearch-pro/app/graphql/schema/typeDefs.js": {"path":"/home/sonuram/Desktop/modelsearch-pro/app/graphql/schema/typeDefs.js","statementMap":{"0":{"start":{"line":1,"column":24},"end":{"line":353,"column":1}}},"fnMap":{},"branchMap":{},"s":{"0":0},"f":{},"b":{}}
,"/home/sonuram/Desktop/modelsearch-pro/app/graphql/schema/year.js": {"path":"/home/sonuram/Desktop/modelsearch-pro/app/graphql/schema/year.js","statementMap":{"0":{"start":{"line":9,"column":24},"end":{"line":40,"column":1}},"1":{"start":{"line":42,"column":25},"end":{"line":63,"column":1}},"2":{"start":{"line":45,"column":6},"end":{"line":45,"column":31}},"3":{"start":{"line":48,"column":6},"end":{"line":48,"column":25}},"4":{"start":{"line":53,"column":6},"end":{"line":53,"column":31}},"5":{"start":{"line":56,"column":6},"end":{"line":56,"column":35}},"6":{"start":{"line":59,"column":6},"end":{"line":59,"column":27}},"7":{"start":{"line":60,"column":6},"end":{"line":60,"column":18}}},"fnMap":{"0":{"name":"(anonymous_0)","decl":{"start":{"line":44,"column":11},"end":{"line":44,"column":12}},"loc":{"start":{"line":44,"column":50},"end":{"line":46,"column":5}},"line":44},"1":{"name":"(anonymous_1)","decl":{"start":{"line":47,"column":10},"end":{"line":47,"column":11}},"loc":{"start":{"line":47,"column":44},"end":{"line":49,"column":5}},"line":47},"2":{"name":"(anonymous_2)","decl":{"start":{"line":52,"column":16},"end":{"line":52,"column":17}},"loc":{"start":{"line":52,"column":53},"end":{"line":54,"column":5}},"line":52},"3":{"name":"(anonymous_3)","decl":{"start":{"line":55,"column":16},"end":{"line":55,"column":17}},"loc":{"start":{"line":55,"column":57},"end":{"line":57,"column":5}},"line":55},"4":{"name":"(anonymous_4)","decl":{"start":{"line":58,"column":16},"end":{"line":58,"column":17}},"loc":{"start":{"line":58,"column":50},"end":{"line":61,"column":5}},"line":58}},"branchMap":{},"s":{"0":0,"1":0,"2":0,"3":0,"4":0,"5":0,"6":0,"7":0},"f":{"0":0,"1":0,"2":0,"3":0,"4":0},"b":{}}
,"/home/sonuram/Desktop/modelsearch-pro/app/models/analytics.server.js": {"path":"/home/sonuram/Desktop/modelsearch-pro/app/models/analytics.server.js","statementMap":{"0":{"start":{"line":5,"column":2},"end":{"line":7,"column":5}},"1":{"start":{"line":11,"column":15},"end":{"line":11,"column":33}},"2":{"start":{"line":13,"column":16},"end":{"line":13,"column":24}},"3":{"start":{"line":15,"column":2},"end":{"line":25,"column":3}},"4":{"start":{"line":16,"column":4},"end":{"line":16,"column":25}},"5":{"start":{"line":18,"column":4},"end":{"line":20,"column":5}},"6":{"start":{"line":19,"column":6},"end":{"line":19,"column":48}},"7":{"start":{"line":22,"column":4},"end":{"line":24,"column":5}},"8":{"start":{"line":23,"column":6},"end":{"line":23,"column":46}},"9":{"start":{"line":27,"column":24},"end":{"line":35,"column":4}},"10":{"start":{"line":37,"column":2},"end":{"line":45,"column":4}},"11":{"start":{"line":49,"column":16},"end":{"line":49,"column":24}},"12":{"start":{"line":51,"column":2},"end":{"line":61,"column":3}},"13":{"start":{"line":52,"column":4},"end":{"line":52,"column":25}},"14":{"start":{"line":54,"column":4},"end":{"line":56,"column":5}},"15":{"start":{"line":55,"column":6},"end":{"line":55,"column":48}},"16":{"start":{"line":58,"column":4},"end":{"line":60,"column":5}},"17":{"start":{"line":59,"column":6},"end":{"line":59,"column":46}},"18":{"start":{"line":63,"column":24},"end":{"line":63,"column":63}},"19":{"start":{"line":65,"column":29},"end":{"line":70,"column":4}},"20":{"start":{"line":72,"column":19},"end":{"line":87,"column":4}},"21":{"start":{"line":89,"column":20},"end":{"line":104,"column":4}},"22":{"start":{"line":106,"column":2},"end":{"line":112,"column":4}},"23":{"start":{"line":117,"column":2},"end":{"line":119,"column":5}},"24":{"start":{"line":123,"column":15},"end":{"line":123,"column":33}},"25":{"start":{"line":125,"column":16},"end":{"line":125,"column":24}},"26":{"start":{"line":127,"column":2},"end":{"line":137,"column":3}},"27":{"start":{"line":128,"column":4},"end":{"line":128,"column":25}},"28":{"start":{"line":130,"column":4},"end":{"line":132,"column":5}},"29":{"start":{"line":131,"column":6},"end":{"line":131,"column":48}},"30":{"start":{"line":134,"column":4},"end":{"line":136,"column":5}},"31":{"start":{"line":135,"column":6},"end":{"line":135,"column":46}},"32":{"start":{"line":139,"column":25},"end":{"line":147,"column":4}},"33":{"start":{"line":149,"column":2},"end":{"line":157,"column":4}},"34":{"start":{"line":161,"column":16},"end":{"line":161,"column":24}},"35":{"start":{"line":163,"column":2},"end":{"line":173,"column":3}},"36":{"start":{"line":164,"column":4},"end":{"line":164,"column":25}},"37":{"start":{"line":166,"column":4},"end":{"line":168,"column":5}},"38":{"start":{"line":167,"column":6},"end":{"line":167,"column":48}},"39":{"start":{"line":170,"column":4},"end":{"line":172,"column":5}},"40":{"start":{"line":171,"column":6},"end":{"line":171,"column":46}},"41":{"start":{"line":175,"column":2},"end":{"line":187,"column":5}}},"fnMap":{"0":{"name":"createSearchLog","decl":{"start":{"line":4,"column":22},"end":{"line":4,"column":37}},"loc":{"start":{"line":4,"column":44},"end":{"line":8,"column":1}},"line":4},"1":{"name":"getSearchLogs","decl":{"start":{"line":10,"column":22},"end":{"line":10,"column":35}},"loc":{"start":{"line":10,"column":93},"end":{"line":46,"column":1}},"line":10},"2":{"name":"getSearchStats","decl":{"start":{"line":48,"column":22},"end":{"line":48,"column":36}},"loc":{"start":{"line":48,"column":72},"end":{"line":113,"column":1}},"line":48},"3":{"name":"createProductView","decl":{"start":{"line":116,"column":22},"end":{"line":116,"column":39}},"loc":{"start":{"line":116,"column":46},"end":{"line":120,"column":1}},"line":116},"4":{"name":"getProductViews","decl":{"start":{"line":122,"column":22},"end":{"line":122,"column":37}},"loc":{"start":{"line":122,"column":95},"end":{"line":158,"column":1}},"line":122},"5":{"name":"getTopViewedProducts","decl":{"start":{"line":160,"column":22},"end":{"line":160,"column":42}},"loc":{"start":{"line":160,"column":90},"end":{"line":188,"column":1}},"line":160}},"branchMap":{"0":{"loc":{"start":{"line":10,"column":42},"end":{"line":10,"column":91}},"type":"default-arg","locations":[{"start":{"line":10,"column":89},"end":{"line":10,"column":91}}],"line":10},"1":{"loc":{"start":{"line":10,"column":64},"end":{"line":10,"column":72}},"type":"default-arg","locations":[{"start":{"line":10,"column":71},"end":{"line":10,"column":72}}],"line":10},"2":{"loc":{"start":{"line":10,"column":74},"end":{"line":10,"column":84}},"type":"default-arg","locations":[{"start":{"line":10,"column":82},"end":{"line":10,"column":84}}],"line":10},"3":{"loc":{"start":{"line":15,"column":2},"end":{"line":25,"column":3}},"type":"if","locations":[{"start":{"line":15,"column":2},"end":{"line":25,"column":3}},{"start":{},"end":{}}],"line":15},"4":{"loc":{"start":{"line":15,"column":6},"end":{"line":15,"column":26}},"type":"binary-expr","locations":[{"start":{"line":15,"column":6},"end":{"line":15,"column":15}},{"start":{"line":15,"column":19},"end":{"line":15,"column":26}}],"line":15},"5":{"loc":{"start":{"line":18,"column":4},"end":{"line":20,"column":5}},"type":"if","locations":[{"start":{"line":18,"column":4},"end":{"line":20,"column":5}},{"start":{},"end":{}}],"line":18},"6":{"loc":{"start":{"line":22,"column":4},"end":{"line":24,"column":5}},"type":"if","locations":[{"start":{"line":22,"column":4},"end":{"line":24,"column":5}},{"start":{},"end":{}}],"line":22},"7":{"loc":{"start":{"line":48,"column":43},"end":{"line":48,"column":70}},"type":"default-arg","locations":[{"start":{"line":48,"column":68},"end":{"line":48,"column":70}}],"line":48},"8":{"loc":{"start":{"line":51,"column":2},"end":{"line":61,"column":3}},"type":"if","locations":[{"start":{"line":51,"column":2},"end":{"line":61,"column":3}},{"start":{},"end":{}}],"line":51},"9":{"loc":{"start":{"line":51,"column":6},"end":{"line":51,"column":26}},"type":"binary-expr","locations":[{"start":{"line":51,"column":6},"end":{"line":51,"column":15}},{"start":{"line":51,"column":19},"end":{"line":51,"column":26}}],"line":51},"10":{"loc":{"start":{"line":54,"column":4},"end":{"line":56,"column":5}},"type":"if","locations":[{"start":{"line":54,"column":4},"end":{"line":56,"column":5}},{"start":{},"end":{}}],"line":54},"11":{"loc":{"start":{"line":58,"column":4},"end":{"line":60,"column":5}},"type":"if","locations":[{"start":{"line":58,"column":4},"end":{"line":60,"column":5}},{"start":{},"end":{}}],"line":58},"12":{"loc":{"start":{"line":109,"column":17},"end":{"line":109,"column":83}},"type":"cond-expr","locations":[{"start":{"line":109,"column":37},"end":{"line":109,"column":79}},{"start":{"line":109,"column":82},"end":{"line":109,"column":83}}],"line":109},"13":{"loc":{"start":{"line":122,"column":44},"end":{"line":122,"column":93}},"type":"default-arg","locations":[{"start":{"line":122,"column":91},"end":{"line":122,"column":93}}],"line":122},"14":{"loc":{"start":{"line":122,"column":66},"end":{"line":122,"column":74}},"type":"default-arg","locations":[{"start":{"line":122,"column":73},"end":{"line":122,"column":74}}],"line":122},"15":{"loc":{"start":{"line":122,"column":76},"end":{"line":122,"column":86}},"type":"default-arg","locations":[{"start":{"line":122,"column":84},"end":{"line":122,"column":86}}],"line":122},"16":{"loc":{"start":{"line":127,"column":2},"end":{"line":137,"column":3}},"type":"if","locations":[{"start":{"line":127,"column":2},"end":{"line":137,"column":3}},{"start":{},"end":{}}],"line":127},"17":{"loc":{"start":{"line":127,"column":6},"end":{"line":127,"column":26}},"type":"binary-expr","locations":[{"start":{"line":127,"column":6},"end":{"line":127,"column":15}},{"start":{"line":127,"column":19},"end":{"line":127,"column":26}}],"line":127},"18":{"loc":{"start":{"line":130,"column":4},"end":{"line":132,"column":5}},"type":"if","locations":[{"start":{"line":130,"column":4},"end":{"line":132,"column":5}},{"start":{},"end":{}}],"line":130},"19":{"loc":{"start":{"line":134,"column":4},"end":{"line":136,"column":5}},"type":"if","locations":[{"start":{"line":134,"column":4},"end":{"line":136,"column":5}},{"start":{},"end":{}}],"line":134},"20":{"loc":{"start":{"line":160,"column":49},"end":{"line":160,"column":88}},"type":"default-arg","locations":[{"start":{"line":160,"column":86},"end":{"line":160,"column":88}}],"line":160},"21":{"loc":{"start":{"line":160,"column":71},"end":{"line":160,"column":81}},"type":"default-arg","locations":[{"start":{"line":160,"column":79},"end":{"line":160,"column":81}}],"line":160},"22":{"loc":{"start":{"line":163,"column":2},"end":{"line":173,"column":3}},"type":"if","locations":[{"start":{"line":163,"column":2},"end":{"line":173,"column":3}},{"start":{},"end":{}}],"line":163},"23":{"loc":{"start":{"line":163,"column":6},"end":{"line":163,"column":26}},"type":"binary-expr","locations":[{"start":{"line":163,"column":6},"end":{"line":163,"column":15}},{"start":{"line":163,"column":19},"end":{"line":163,"column":26}}],"line":163},"24":{"loc":{"start":{"line":166,"column":4},"end":{"line":168,"column":5}},"type":"if","locations":[{"start":{"line":166,"column":4},"end":{"line":168,"column":5}},{"start":{},"end":{}}],"line":166},"25":{"loc":{"start":{"line":170,"column":4},"end":{"line":172,"column":5}},"type":"if","locations":[{"start":{"line":170,"column":4},"end":{"line":172,"column":5}},{"start":{},"end":{}}],"line":170}},"s":{"0":0,"1":0,"2":0,"3":0,"4":0,"5":0,"6":0,"7":0,"8":0,"9":0,"10":0,"11":0,"12":0,"13":0,"14":0,"15":0,"16":0,"17":0,"18":0,"19":0,"20":0,"21":0,"22":0,"23":0,"24":0,"25":0,"26":0,"27":0,"28":0,"29":0,"30":0,"31":0,"32":0,"33":0,"34":0,"35":0,"36":0,"37":0,"38":0,"39":0,"40":0,"41":0},"f":{"0":0,"1":0,"2":0,"3":0,"4":0,"5":0},"b":{"0":[0],"1":[0],"2":[0],"3":[0,0],"4":[0,0],"5":[0,0],"6":[0,0],"7":[0],"8":[0,0],"9":[0,0],"10":[0,0],"11":[0,0],"12":[0,0],"13":[0],"14":[0],"15":[0],"16":[0,0],"17":[0,0],"18":[0,0],"19":[0,0],"20":[0],"21":[0],"22":[0,0],"23":[0,0],"24":[0,0],"25":[0,0]},"_coverageSchema":"1a1c01bbd47fc00a2c39e90264f33305004495a9","hash":"8de45d79e7d5f8cb0a42fa4f2a767d696966863a"}
,"/home/sonuram/Desktop/modelsearch-pro/app/models/fitment.server.js": {"path":"/home/sonuram/Desktop/modelsearch-pro/app/models/fitment.server.js","statementMap":{"0":{"start":{"line":4,"column":2},"end":{"line":24,"column":5}},"1":{"start":{"line":28,"column":2},"end":{"line":43,"column":5}},"2":{"start":{"line":47,"column":2},"end":{"line":61,"column":5}},"3":{"start":{"line":65,"column":2},"end":{"line":80,"column":5}},"4":{"start":{"line":84,"column":2},"end":{"line":86,"column":5}},"5":{"start":{"line":90,"column":2},"end":{"line":93,"column":5}},"6":{"start":{"line":97,"column":2},"end":{"line":99,"column":5}},"7":{"start":{"line":103,"column":16},"end":{"line":106,"column":3}},"8":{"start":{"line":108,"column":2},"end":{"line":112,"column":3}},"9":{"start":{"line":109,"column":4},"end":{"line":109,"column":34}},"10":{"start":{"line":111,"column":4},"end":{"line":111,"column":28}},"11":{"start":{"line":114,"column":2},"end":{"line":116,"column":5}}},"fnMap":{"0":{"name":"getFitments","decl":{"start":{"line":3,"column":22},"end":{"line":3,"column":33}},"loc":{"start":{"line":3,"column":45},"end":{"line":25,"column":1}},"line":3},"1":{"name":"getFitment","decl":{"start":{"line":27,"column":22},"end":{"line":27,"column":32}},"loc":{"start":{"line":27,"column":37},"end":{"line":44,"column":1}},"line":27},"2":{"name":"createFitment","decl":{"start":{"line":46,"column":22},"end":{"line":46,"column":35}},"loc":{"start":{"line":46,"column":42},"end":{"line":62,"column":1}},"line":46},"3":{"name":"updateFitment","decl":{"start":{"line":64,"column":22},"end":{"line":64,"column":35}},"loc":{"start":{"line":64,"column":46},"end":{"line":81,"column":1}},"line":64},"4":{"name":"deleteFitment","decl":{"start":{"line":83,"column":22},"end":{"line":83,"column":35}},"loc":{"start":{"line":83,"column":40},"end":{"line":87,"column":1}},"line":83},"5":{"name":"bulkCreateFitments","decl":{"start":{"line":89,"column":22},"end":{"line":89,"column":40}},"loc":{"start":{"line":89,"column":47},"end":{"line":94,"column":1}},"line":89},"6":{"name":"deleteProductFitments","decl":{"start":{"line":96,"column":22},"end":{"line":96,"column":43}},"loc":{"start":{"line":96,"column":55},"end":{"line":100,"column":1}},"line":96},"7":{"name":"checkFitmentExists","decl":{"start":{"line":102,"column":22},"end":{"line":102,"column":40}},"loc":{"start":{"line":102,"column":72},"end":{"line":117,"column":1}},"line":102}},"branchMap":{"0":{"loc":{"start":{"line":108,"column":2},"end":{"line":112,"column":3}},"type":"if","locations":[{"start":{"line":108,"column":2},"end":{"line":112,"column":3}},{"start":{"line":110,"column":9},"end":{"line":112,"column":3}}],"line":108}},"s":{"0":1,"1":1,"2":1,"3":1,"4":1,"5":1,"6":1,"7":2,"8":2,"9":1,"10":1,"11":2},"f":{"0":1,"1":1,"2":1,"3":1,"4":1,"5":1,"6":1,"7":2},"b":{"0":[1,1]},"_coverageSchema":"1a1c01bbd47fc00a2c39e90264f33305004495a9","hash":"8a24333de3de3edcbf30df0b2ae17ef07600ff1e"}
,"/home/sonuram/Desktop/modelsearch-pro/app/models/import.server.js": {"path":"/home/sonuram/Desktop/modelsearch-pro/app/models/import.server.js","statementMap":{"0":{"start":{"line":4,"column":2},"end":{"line":6,"column":5}},"1":{"start":{"line":10,"column":2},"end":{"line":12,"column":5}},"2":{"start":{"line":16,"column":2},"end":{"line":19,"column":5}},"3":{"start":{"line":23,"column":15},"end":{"line":23,"column":33}},"4":{"start":{"line":25,"column":24},"end":{"line":33,"column":4}},"5":{"start":{"line":35,"column":2},"end":{"line":43,"column":4}},"6":{"start":{"line":47,"column":2},"end":{"line":53,"column":5}},"7":{"start":{"line":57,"column":2},"end":{"line":63,"column":5}},"8":{"start":{"line":67,"column":2},"end":{"line":76,"column":5}},"9":{"start":{"line":80,"column":2},"end":{"line":87,"column":5}},"10":{"start":{"line":91,"column":2},"end":{"line":93,"column":5}}},"fnMap":{"0":{"name":"createImportJob","decl":{"start":{"line":3,"column":22},"end":{"line":3,"column":37}},"loc":{"start":{"line":3,"column":44},"end":{"line":7,"column":1}},"line":3},"1":{"name":"getImportJob","decl":{"start":{"line":9,"column":22},"end":{"line":9,"column":34}},"loc":{"start":{"line":9,"column":39},"end":{"line":13,"column":1}},"line":9},"2":{"name":"updateImportJob","decl":{"start":{"line":15,"column":22},"end":{"line":15,"column":37}},"loc":{"start":{"line":15,"column":48},"end":{"line":20,"column":1}},"line":15},"3":{"name":"getImportJobs","decl":{"start":{"line":22,"column":22},"end":{"line":22,"column":35}},"loc":{"start":{"line":22,"column":73},"end":{"line":44,"column":1}},"line":22},"4":{"name":"getPendingImportJobs","decl":{"start":{"line":46,"column":22},"end":{"line":46,"column":42}},"loc":{"start":{"line":46,"column":49},"end":{"line":54,"column":1}},"line":46},"5":{"name":"getProcessingImportJobs","decl":{"start":{"line":56,"column":22},"end":{"line":56,"column":45}},"loc":{"start":{"line":56,"column":52},"end":{"line":64,"column":1}},"line":56},"6":{"name":"markImportJobComplete","decl":{"start":{"line":66,"column":22},"end":{"line":66,"column":43}},"loc":{"start":{"line":66,"column":104},"end":{"line":77,"column":1}},"line":66},"7":{"name":"markImportJobFailed","decl":{"start":{"line":79,"column":22},"end":{"line":79,"column":41}},"loc":{"start":{"line":79,"column":56},"end":{"line":88,"column":1}},"line":79},"8":{"name":"deleteImportJob","decl":{"start":{"line":90,"column":22},"end":{"line":90,"column":37}},"loc":{"start":{"line":90,"column":42},"end":{"line":94,"column":1}},"line":90}},"branchMap":{"0":{"loc":{"start":{"line":22,"column":42},"end":{"line":22,"column":71}},"type":"default-arg","locations":[{"start":{"line":22,"column":69},"end":{"line":22,"column":71}}],"line":22},"1":{"loc":{"start":{"line":22,"column":44},"end":{"line":22,"column":52}},"type":"default-arg","locations":[{"start":{"line":22,"column":51},"end":{"line":22,"column":52}}],"line":22},"2":{"loc":{"start":{"line":22,"column":54},"end":{"line":22,"column":64}},"type":"default-arg","locations":[{"start":{"line":22,"column":62},"end":{"line":22,"column":64}}],"line":22},"3":{"loc":{"start":{"line":66,"column":48},"end":{"line":66,"column":102}},"type":"default-arg","locations":[{"start":{"line":66,"column":100},"end":{"line":66,"column":102}}],"line":66},"4":{"loc":{"start":{"line":66,"column":65},"end":{"line":66,"column":78}},"type":"default-arg","locations":[{"start":{"line":66,"column":77},"end":{"line":66,"column":78}}],"line":66},"5":{"loc":{"start":{"line":66,"column":80},"end":{"line":66,"column":95}},"type":"default-arg","locations":[{"start":{"line":66,"column":91},"end":{"line":66,"column":95}}],"line":66}},"s":{"0":0,"1":0,"2":0,"3":0,"4":0,"5":0,"6":0,"7":0,"8":0,"9":0,"10":0},"f":{"0":0,"1":0,"2":0,"3":0,"4":0,"5":0,"6":0,"7":0,"8":0},"b":{"0":[0],"1":[0],"2":[0],"3":[0],"4":[0],"5":[0]},"_coverageSchema":"1a1c01bbd47fc00a2c39e90264f33305004495a9","hash":"443db531fee86c06f730c859ec858d29bad61abe"}
,"/home/sonuram/Desktop/modelsearch-pro/app/models/make.server.js": {"path":"/home/sonuram/Desktop/modelsearch-pro/app/models/make.server.js","statementMap":{"0":{"start":{"line":4,"column":2},"end":{"line":6,"column":5}},"1":{"start":{"line":10,"column":2},"end":{"line":13,"column":5}},"2":{"start":{"line":17,"column":2},"end":{"line":19,"column":5}},"3":{"start":{"line":23,"column":2},"end":{"line":26,"column":5}},"4":{"start":{"line":30,"column":2},"end":{"line":32,"column":5}},"5":{"start":{"line":36,"column":2},"end":{"line":38,"column":5}},"6":{"start":{"line":42,"column":2},"end":{"line":45,"column":5}}},"fnMap":{"0":{"name":"getMakes","decl":{"start":{"line":3,"column":22},"end":{"line":3,"column":30}},"loc":{"start":{"line":3,"column":37},"end":{"line":7,"column":1}},"line":3},"1":{"name":"getMake","decl":{"start":{"line":9,"column":22},"end":{"line":9,"column":29}},"loc":{"start":{"line":9,"column":34},"end":{"line":14,"column":1}},"line":9},"2":{"name":"createMake","decl":{"start":{"line":16,"column":22},"end":{"line":16,"column":32}},"loc":{"start":{"line":16,"column":39},"end":{"line":20,"column":1}},"line":16},"3":{"name":"updateMake","decl":{"start":{"line":22,"column":22},"end":{"line":22,"column":32}},"loc":{"start":{"line":22,"column":43},"end":{"line":27,"column":1}},"line":22},"4":{"name":"deleteMake","decl":{"start":{"line":29,"column":22},"end":{"line":29,"column":32}},"loc":{"start":{"line":29,"column":37},"end":{"line":33,"column":1}},"line":29},"5":{"name":"getMakeByName","decl":{"start":{"line":35,"column":22},"end":{"line":35,"column":35}},"loc":{"start":{"line":35,"column":42},"end":{"line":39,"column":1}},"line":35},"6":{"name":"bulkCreateMakes","decl":{"start":{"line":41,"column":22},"end":{"line":41,"column":37}},"loc":{"start":{"line":41,"column":44},"end":{"line":46,"column":1}},"line":41}},"branchMap":{},"s":{"0":1,"1":1,"2":1,"3":1,"4":1,"5":1,"6":1},"f":{"0":1,"1":1,"2":1,"3":1,"4":1,"5":1,"6":1},"b":{},"_coverageSchema":"1a1c01bbd47fc00a2c39e90264f33305004495a9","hash":"90344dfee5efbd86ad9d7feb8f5ead853f1a2245"}
,"/home/sonuram/Desktop/modelsearch-pro/app/models/model.server.js": {"path":"/home/sonuram/Desktop/modelsearch-pro/app/models/model.server.js","statementMap":{"0":{"start":{"line":4,"column":2},"end":{"line":7,"column":5}},"1":{"start":{"line":11,"column":2},"end":{"line":14,"column":5}},"2":{"start":{"line":18,"column":2},"end":{"line":20,"column":5}},"3":{"start":{"line":24,"column":2},"end":{"line":27,"column":5}},"4":{"start":{"line":31,"column":2},"end":{"line":33,"column":5}},"5":{"start":{"line":37,"column":2},"end":{"line":42,"column":5}},"6":{"start":{"line":46,"column":2},"end":{"line":49,"column":5}}},"fnMap":{"0":{"name":"getModels","decl":{"start":{"line":3,"column":22},"end":{"line":3,"column":31}},"loc":{"start":{"line":3,"column":40},"end":{"line":8,"column":1}},"line":3},"1":{"name":"getModel","decl":{"start":{"line":10,"column":22},"end":{"line":10,"column":30}},"loc":{"start":{"line":10,"column":35},"end":{"line":15,"column":1}},"line":10},"2":{"name":"createModel","decl":{"start":{"line":17,"column":22},"end":{"line":17,"column":33}},"loc":{"start":{"line":17,"column":40},"end":{"line":21,"column":1}},"line":17},"3":{"name":"updateModel","decl":{"start":{"line":23,"column":22},"end":{"line":23,"column":33}},"loc":{"start":{"line":23,"column":44},"end":{"line":28,"column":1}},"line":23},"4":{"name":"deleteModel","decl":{"start":{"line":30,"column":22},"end":{"line":30,"column":33}},"loc":{"start":{"line":30,"column":38},"end":{"line":34,"column":1}},"line":30},"5":{"name":"getModelByName","decl":{"start":{"line":36,"column":22},"end":{"line":36,"column":36}},"loc":{"start":{"line":36,"column":51},"end":{"line":43,"column":1}},"line":36},"6":{"name":"bulkCreateModels","decl":{"start":{"line":45,"column":22},"end":{"line":45,"column":38}},"loc":{"start":{"line":45,"column":45},"end":{"line":50,"column":1}},"line":45}},"branchMap":{},"s":{"0":1,"1":1,"2":1,"3":1,"4":1,"5":1,"6":1},"f":{"0":1,"1":1,"2":1,"3":1,"4":1,"5":1,"6":1},"b":{},"_coverageSchema":"1a1c01bbd47fc00a2c39e90264f33305004495a9","hash":"12ad87dc032a77ae807148335f514763165508e9"}
,"/home/sonuram/Desktop/modelsearch-pro/app/models/product.server.js": {"path":"/home/sonuram/Desktop/modelsearch-pro/app/models/product.server.js","statementMap":{"0":{"start":{"line":4,"column":15},"end":{"line":4,"column":33}},"1":{"start":{"line":6,"column":16},"end":{"line":6,"column":24}},"2":{"start":{"line":7,"column":2},"end":{"line":12,"column":3}},"3":{"start":{"line":8,"column":4},"end":{"line":11,"column":6}},"4":{"start":{"line":14,"column":28},"end":{"line":27,"column":4}},"5":{"start":{"line":29,"column":2},"end":{"line":37,"column":4}},"6":{"start":{"line":41,"column":2},"end":{"line":59,"column":5}},"7":{"start":{"line":63,"column":2},"end":{"line":81,"column":5}},"8":{"start":{"line":85,"column":2},"end":{"line":87,"column":5}},"9":{"start":{"line":91,"column":2},"end":{"line":94,"column":5}},"10":{"start":{"line":98,"column":2},"end":{"line":100,"column":5}},"11":{"start":{"line":104,"column":2},"end":{"line":108,"column":5}},"12":{"start":{"line":112,"column":15},"end":{"line":112,"column":33}},"13":{"start":{"line":114,"column":16},"end":{"line":122,"column":3}},"14":{"start":{"line":124,"column":28},"end":{"line":132,"column":4}},"15":{"start":{"line":134,"column":2},"end":{"line":142,"column":4}}},"fnMap":{"0":{"name":"getProducts","decl":{"start":{"line":3,"column":22},"end":{"line":3,"column":33}},"loc":{"start":{"line":3,"column":84},"end":{"line":38,"column":1}},"line":3},"1":{"name":"getProduct","decl":{"start":{"line":40,"column":22},"end":{"line":40,"column":32}},"loc":{"start":{"line":40,"column":43},"end":{"line":60,"column":1}},"line":40},"2":{"name":"getProductByHandle","decl":{"start":{"line":62,"column":22},"end":{"line":62,"column":40}},"loc":{"start":{"line":62,"column":55},"end":{"line":82,"column":1}},"line":62},"3":{"name":"createProduct","decl":{"start":{"line":84,"column":22},"end":{"line":84,"column":35}},"loc":{"start":{"line":84,"column":42},"end":{"line":88,"column":1}},"line":84},"4":{"name":"updateProduct","decl":{"start":{"line":90,"column":22},"end":{"line":90,"column":35}},"loc":{"start":{"line":90,"column":52},"end":{"line":95,"column":1}},"line":90},"5":{"name":"deleteProduct","decl":{"start":{"line":97,"column":22},"end":{"line":97,"column":35}},"loc":{"start":{"line":97,"column":46},"end":{"line":101,"column":1}},"line":97},"6":{"name":"upsertProduct","decl":{"start":{"line":103,"column":22},"end":{"line":103,"column":35}},"loc":{"start":{"line":103,"column":42},"end":{"line":109,"column":1}},"line":103},"7":{"name":"getCompatibleProducts","decl":{"start":{"line":111,"column":22},"end":{"line":111,"column":43}},"loc":{"start":{"line":111,"column":118},"end":{"line":143,"column":1}},"line":111}},"branchMap":{"0":{"loc":{"start":{"line":3,"column":40},"end":{"line":3,"column":82}},"type":"default-arg","locations":[{"start":{"line":3,"column":80},"end":{"line":3,"column":82}}],"line":3},"1":{"loc":{"start":{"line":3,"column":42},"end":{"line":3,"column":50}},"type":"default-arg","locations":[{"start":{"line":3,"column":49},"end":{"line":3,"column":50}}],"line":3},"2":{"loc":{"start":{"line":3,"column":52},"end":{"line":3,"column":62}},"type":"default-arg","locations":[{"start":{"line":3,"column":60},"end":{"line":3,"column":62}}],"line":3},"3":{"loc":{"start":{"line":3,"column":64},"end":{"line":3,"column":75}},"type":"default-arg","locations":[{"start":{"line":3,"column":73},"end":{"line":3,"column":75}}],"line":3},"4":{"loc":{"start":{"line":7,"column":2},"end":{"line":12,"column":3}},"type":"if","locations":[{"start":{"line":7,"column":2},"end":{"line":12,"column":3}},{"start":{},"end":{}}],"line":7},"5":{"loc":{"start":{"line":111,"column":87},"end":{"line":111,"column":116}},"type":"default-arg","locations":[{"start":{"line":111,"column":114},"end":{"line":111,"column":116}}],"line":111},"6":{"loc":{"start":{"line":111,"column":89},"end":{"line":111,"column":97}},"type":"default-arg","locations":[{"start":{"line":111,"column":96},"end":{"line":111,"column":97}}],"line":111},"7":{"loc":{"start":{"line":111,"column":99},"end":{"line":111,"column":109}},"type":"default-arg","locations":[{"start":{"line":111,"column":107},"end":{"line":111,"column":109}}],"line":111},"8":{"loc":{"start":{"line":119,"column":12},"end":{"line":119,"column":44}},"type":"cond-expr","locations":[{"start":{"line":119,"column":25},"end":{"line":119,"column":39}},{"start":{"line":119,"column":42},"end":{"line":119,"column":44}}],"line":119}},"s":{"0":0,"1":0,"2":0,"3":0,"4":0,"5":0,"6":0,"7":0,"8":0,"9":0,"10":0,"11":0,"12":0,"13":0,"14":0,"15":0},"f":{"0":0,"1":0,"2":0,"3":0,"4":0,"5":0,"6":0,"7":0},"b":{"0":[0],"1":[0],"2":[0],"3":[0],"4":[0,0],"5":[0],"6":[0],"7":[0],"8":[0,0]},"_coverageSchema":"1a1c01bbd47fc00a2c39e90264f33305004495a9","hash":"3289a6814c40edbfcaaec890a820d6f0316c5c6f"}
,"/home/sonuram/Desktop/modelsearch-pro/app/models/settings.server.js": {"path":"/home/sonuram/Desktop/modelsearch-pro/app/models/settings.server.js","statementMap":{"0":{"start":{"line":4,"column":19},"end":{"line":6,"column":4}},"1":{"start":{"line":8,"column":2},"end":{"line":10,"column":3}},"2":{"start":{"line":9,"column":4},"end":{"line":9,"column":36}},"3":{"start":{"line":12,"column":2},"end":{"line":12,"column":18}},"4":{"start":{"line":16,"column":2},"end":{"line":18,"column":5}},"5":{"start":{"line":22,"column":2},"end":{"line":26,"column":5}}},"fnMap":{"0":{"name":"getSettings","decl":{"start":{"line":3,"column":22},"end":{"line":3,"column":33}},"loc":{"start":{"line":3,"column":40},"end":{"line":13,"column":1}},"line":3},"1":{"name":"createSettings","decl":{"start":{"line":15,"column":22},"end":{"line":15,"column":36}},"loc":{"start":{"line":15,"column":43},"end":{"line":19,"column":1}},"line":15},"2":{"name":"updateSettings","decl":{"start":{"line":21,"column":22},"end":{"line":21,"column":36}},"loc":{"start":{"line":21,"column":49},"end":{"line":27,"column":1}},"line":21}},"branchMap":{"0":{"loc":{"start":{"line":8,"column":2},"end":{"line":10,"column":3}},"type":"if","locations":[{"start":{"line":8,"column":2},"end":{"line":10,"column":3}},{"start":{},"end":{}}],"line":8}},"s":{"0":0,"1":0,"2":0,"3":0,"4":0,"5":0},"f":{"0":0,"1":0,"2":0},"b":{"0":[0,0]},"_coverageSchema":"1a1c01bbd47fc00a2c39e90264f33305004495a9","hash":"7d4e6c23b5a5706e1c3f03db94b9579cbcf2cc19"}
,"/home/sonuram/Desktop/modelsearch-pro/app/models/submodel.server.js": {"path":"/home/sonuram/Desktop/modelsearch-pro/app/models/submodel.server.js","statementMap":{"0":{"start":{"line":4,"column":2},"end":{"line":7,"column":5}},"1":{"start":{"line":11,"column":2},"end":{"line":14,"column":5}},"2":{"start":{"line":18,"column":2},"end":{"line":20,"column":5}},"3":{"start":{"line":24,"column":2},"end":{"line":27,"column":5}},"4":{"start":{"line":31,"column":2},"end":{"line":33,"column":5}},"5":{"start":{"line":37,"column":2},"end":{"line":42,"column":5}},"6":{"start":{"line":46,"column":2},"end":{"line":49,"column":5}}},"fnMap":{"0":{"name":"getSubmodels","decl":{"start":{"line":3,"column":22},"end":{"line":3,"column":34}},"loc":{"start":{"line":3,"column":43},"end":{"line":8,"column":1}},"line":3},"1":{"name":"getSubmodel","decl":{"start":{"line":10,"column":22},"end":{"line":10,"column":33}},"loc":{"start":{"line":10,"column":38},"end":{"line":15,"column":1}},"line":10},"2":{"name":"createSubmodel","decl":{"start":{"line":17,"column":22},"end":{"line":17,"column":36}},"loc":{"start":{"line":17,"column":43},"end":{"line":21,"column":1}},"line":17},"3":{"name":"updateSubmodel","decl":{"start":{"line":23,"column":22},"end":{"line":23,"column":36}},"loc":{"start":{"line":23,"column":47},"end":{"line":28,"column":1}},"line":23},"4":{"name":"deleteSubmodel","decl":{"start":{"line":30,"column":22},"end":{"line":30,"column":36}},"loc":{"start":{"line":30,"column":41},"end":{"line":34,"column":1}},"line":30},"5":{"name":"getSubmodelByName","decl":{"start":{"line":36,"column":22},"end":{"line":36,"column":39}},"loc":{"start":{"line":36,"column":54},"end":{"line":43,"column":1}},"line":36},"6":{"name":"bulkCreateSubmodels","decl":{"start":{"line":45,"column":22},"end":{"line":45,"column":41}},"loc":{"start":{"line":45,"column":48},"end":{"line":50,"column":1}},"line":45}},"branchMap":{},"s":{"0":0,"1":0,"2":0,"3":0,"4":0,"5":0,"6":0},"f":{"0":0,"1":0,"2":0,"3":0,"4":0,"5":0,"6":0},"b":{},"_coverageSchema":"1a1c01bbd47fc00a2c39e90264f33305004495a9","hash":"094096e060b55ecc41525fe1eabcd227a4ca4163"}
,"/home/sonuram/Desktop/modelsearch-pro/app/models/year.server.js": {"path":"/home/sonuram/Desktop/modelsearch-pro/app/models/year.server.js","statementMap":{"0":{"start":{"line":4,"column":2},"end":{"line":7,"column":5}},"1":{"start":{"line":11,"column":2},"end":{"line":14,"column":5}},"2":{"start":{"line":18,"column":2},"end":{"line":20,"column":5}},"3":{"start":{"line":24,"column":2},"end":{"line":27,"column":5}},"4":{"start":{"line":31,"column":2},"end":{"line":33,"column":5}},"5":{"start":{"line":37,"column":2},"end":{"line":42,"column":5}},"6":{"start":{"line":46,"column":2},"end":{"line":49,"column":5}}},"fnMap":{"0":{"name":"getYears","decl":{"start":{"line":3,"column":22},"end":{"line":3,"column":30}},"loc":{"start":{"line":3,"column":40},"end":{"line":8,"column":1}},"line":3},"1":{"name":"getYear","decl":{"start":{"line":10,"column":22},"end":{"line":10,"column":29}},"loc":{"start":{"line":10,"column":34},"end":{"line":15,"column":1}},"line":10},"2":{"name":"createYear","decl":{"start":{"line":17,"column":22},"end":{"line":17,"column":32}},"loc":{"start":{"line":17,"column":39},"end":{"line":21,"column":1}},"line":17},"3":{"name":"updateYear","decl":{"start":{"line":23,"column":22},"end":{"line":23,"column":32}},"loc":{"start":{"line":23,"column":43},"end":{"line":28,"column":1}},"line":23},"4":{"name":"deleteYear","decl":{"start":{"line":30,"column":22},"end":{"line":30,"column":32}},"loc":{"start":{"line":30,"column":37},"end":{"line":34,"column":1}},"line":30},"5":{"name":"getYearByValue","decl":{"start":{"line":36,"column":22},"end":{"line":36,"column":36}},"loc":{"start":{"line":36,"column":53},"end":{"line":43,"column":1}},"line":36},"6":{"name":"bulkCreateYears","decl":{"start":{"line":45,"column":22},"end":{"line":45,"column":37}},"loc":{"start":{"line":45,"column":44},"end":{"line":50,"column":1}},"line":45}},"branchMap":{},"s":{"0":0,"1":0,"2":0,"3":0,"4":0,"5":0,"6":0},"f":{"0":0,"1":0,"2":0,"3":0,"4":0,"5":0,"6":0},"b":{},"_coverageSchema":"1a1c01bbd47fc00a2c39e90264f33305004495a9","hash":"3de3ca49fd81f7c101ac8a5ea5588956fb9a22fe"}
,"/home/sonuram/Desktop/modelsearch-pro/app/routes/api/graphql.js": {"path":"/home/sonuram/Desktop/modelsearch-pro/app/routes/api/graphql.js","statementMap":{"0":{"start":{"line":7,"column":13},"end":{"line":11,"column":2}},"1":{"start":{"line":15,"column":2},"end":{"line":17,"column":3}},"2":{"start":{"line":16,"column":4},"end":{"line":16,"column":31}},"3":{"start":{"line":19,"column":2},"end":{"line":19,"column":64}},"4":{"start":{"line":24,"column":29},"end":{"line":24,"column":62}},"5":{"start":{"line":26,"column":2},"end":{"line":28,"column":3}},"6":{"start":{"line":27,"column":4},"end":{"line":27,"column":60}},"7":{"start":{"line":31,"column":21},"end":{"line":35,"column":4}},"8":{"start":{"line":38,"column":19},"end":{"line":43,"column":4}},"9":{"start":{"line":45,"column":2},"end":{"line":45,"column":18}}},"fnMap":{"0":{"name":"loader","decl":{"start":{"line":13,"column":22},"end":{"line":13,"column":28}},"loc":{"start":{"line":13,"column":42},"end":{"line":20,"column":1}},"line":13},"1":{"name":"action","decl":{"start":{"line":22,"column":22},"end":{"line":22,"column":28}},"loc":{"start":{"line":22,"column":42},"end":{"line":46,"column":1}},"line":22}},"branchMap":{"0":{"loc":{"start":{"line":15,"column":2},"end":{"line":17,"column":3}},"type":"if","locations":[{"start":{"line":15,"column":2},"end":{"line":17,"column":3}},{"start":{},"end":{}}],"line":15},"1":{"loc":{"start":{"line":26,"column":2},"end":{"line":28,"column":3}},"type":"if","locations":[{"start":{"line":26,"column":2},"end":{"line":28,"column":3}},{"start":{},"end":{}}],"line":26}},"s":{"0":1,"1":0,"2":0,"3":0,"4":0,"5":0,"6":0,"7":0,"8":0,"9":0},"f":{"0":0,"1":0},"b":{"0":[0,0],"1":[0,0]},"_coverageSchema":"1a1c01bbd47fc00a2c39e90264f33305004495a9","hash":"d8aa29f22f0f0ff2791849f8168e88314319a8ee"}
,"/home/sonuram/Desktop/modelsearch-pro/app/routes/api/settings.js": {"path":"/home/sonuram/Desktop/modelsearch-pro/app/routes/api/settings.js","statementMap":{"0":{"start":{"line":6,"column":22},"end":{"line":6,"column":65}},"1":{"start":{"line":8,"column":2},"end":{"line":21,"column":3}},"2":{"start":{"line":9,"column":21},"end":{"line":9,"column":52}},"3":{"start":{"line":10,"column":4},"end":{"line":17,"column":7}},"4":{"start":{"line":19,"column":4},"end":{"line":19,"column":53}},"5":{"start":{"line":20,"column":4},"end":{"line":20,"column":72}}},"fnMap":{"0":{"name":"loader","decl":{"start":{"line":5,"column":22},"end":{"line":5,"column":28}},"loc":{"start":{"line":5,"column":42},"end":{"line":22,"column":1}},"line":5}},"branchMap":{},"s":{"0":0,"1":0,"2":0,"3":0,"4":0,"5":0},"f":{"0":0},"b":{}}
,"/home/sonuram/Desktop/modelsearch-pro/app/routes/api/fitment/check.js": {"path":"/home/sonuram/Desktop/modelsearch-pro/app/routes/api/fitment/check.js","statementMap":{"0":{"start":{"line":7,"column":22},"end":{"line":7,"column":65}},"1":{"start":{"line":8,"column":14},"end":{"line":8,"column":34}},"2":{"start":{"line":10,"column":20},"end":{"line":10,"column":53}},"3":{"start":{"line":11,"column":24},"end":{"line":11,"column":54}},"4":{"start":{"line":12,"column":17},"end":{"line":12,"column":47}},"5":{"start":{"line":13,"column":21},"end":{"line":13,"column":55}},"6":{"start":{"line":14,"column":17},"end":{"line":14,"column":47}},"7":{"start":{"line":15,"column":18},"end":{"line":15,"column":49}},"8":{"start":{"line":16,"column":20},"end":{"line":16,"column":53}},"9":{"start":{"line":18,"column":2},"end":{"line":20,"column":3}},"10":{"start":{"line":19,"column":4},"end":{"line":19,"column":76}},"11":{"start":{"line":22,"column":2},"end":{"line":24,"column":3}},"12":{"start":{"line":23,"column":4},"end":{"line":23,"column":96}},"13":{"start":{"line":26,"column":2},"end":{"line":69,"column":3}},"14":{"start":{"line":29,"column":4},"end":{"line":33,"column":5}},"15":{"start":{"line":30,"column":6},"end":{"line":30,"column":58}},"16":{"start":{"line":32,"column":6},"end":{"line":32,"column":70}},"17":{"start":{"line":35,"column":4},"end":{"line":37,"column":5}},"18":{"start":{"line":36,"column":6},"end":{"line":36,"column":67}},"19":{"start":{"line":40,"column":4},"end":{"line":48,"column":7}},"20":{"start":{"line":51,"column":22},"end":{"line":60,"column":6}},"21":{"start":{"line":53,"column":6},"end":{"line":58,"column":7}},"22":{"start":{"line":55,"column":8},"end":{"line":57,"column":9}},"23":{"start":{"line":56,"column":10},"end":{"line":56,"column":22}},"24":{"start":{"line":59,"column":6},"end":{"line":59,"column":19}},"25":{"start":{"line":62,"column":4},"end":{"line":65,"column":7}},"26":{"start":{"line":67,"column":4},"end":{"line":67,"column":60}},"27":{"start":{"line":68,"column":4},"end":{"line":68,"column":79}}},"fnMap":{"0":{"name":"loader","decl":{"start":{"line":6,"column":22},"end":{"line":6,"column":28}},"loc":{"start":{"line":6,"column":42},"end":{"line":70,"column":1}},"line":6},"1":{"name":"(anonymous_1)","decl":{"start":{"line":51,"column":44},"end":{"line":51,"column":45}},"loc":{"start":{"line":51,"column":55},"end":{"line":60,"column":5}},"line":51}},"branchMap":{"0":{"loc":{"start":{"line":18,"column":2},"end":{"line":20,"column":3}},"type":"if","locations":[{"start":{"line":18,"column":2},"end":{"line":20,"column":3}},{"start":{},"end":{}}],"line":18},"1":{"loc":{"start":{"line":22,"column":2},"end":{"line":24,"column":3}},"type":"if","locations":[{"start":{"line":22,"column":2},"end":{"line":24,"column":3}},{"start":{},"end":{}}],"line":22},"2":{"loc":{"start":{"line":22,"column":6},"end":{"line":22,"column":34}},"type":"binary-expr","locations":[{"start":{"line":22,"column":6},"end":{"line":22,"column":16}},{"start":{"line":22,"column":20},"end":{"line":22,"column":34}}],"line":22},"3":{"loc":{"start":{"line":29,"column":4},"end":{"line":33,"column":5}},"type":"if","locations":[{"start":{"line":29,"column":4},"end":{"line":33,"column":5}},{"start":{"line":31,"column":11},"end":{"line":33,"column":5}}],"line":29},"4":{"loc":{"start":{"line":35,"column":4},"end":{"line":37,"column":5}},"type":"if","locations":[{"start":{"line":35,"column":4},"end":{"line":37,"column":5}},{"start":{},"end":{}}],"line":35},"5":{"loc":{"start":{"line":53,"column":6},"end":{"line":58,"column":7}},"type":"if","locations":[{"start":{"line":53,"column":6},"end":{"line":58,"column":7}},{"start":{},"end":{}}],"line":53},"6":{"loc":{"start":{"line":55,"column":8},"end":{"line":57,"column":9}},"type":"if","locations":[{"start":{"line":55,"column":8},"end":{"line":57,"column":9}},{"start":{},"end":{}}],"line":55},"7":{"loc":{"start":{"line":55,"column":12},"end":{"line":55,"column":84}},"type":"binary-expr","locations":[{"start":{"line":55,"column":12},"end":{"line":55,"column":23}},{"start":{"line":55,"column":28},"end":{"line":55,"column":46}},{"start":{"line":55,"column":50},"end":{"line":55,"column":83}}],"line":55}},"s":{"0":0,"1":0,"2":0,"3":0,"4":0,"5":0,"6":0,"7":0,"8":0,"9":0,"10":0,"11":0,"12":0,"13":0,"14":0,"15":0,"16":0,"17":0,"18":0,"19":0,"20":0,"21":0,"22":0,"23":0,"24":0,"25":0,"26":0,"27":0},"f":{"0":0,"1":0},"b":{"0":[0,0],"1":[0,0],"2":[0,0],"3":[0,0],"4":[0,0],"5":[0,0],"6":[0,0],"7":[0,0,0]}}
,"/home/sonuram/Desktop/modelsearch-pro/app/routes/api/products/check-fitment.js": {"path":"/home/sonuram/Desktop/modelsearch-pro/app/routes/api/products/check-fitment.js","statementMap":{"0":{"start":{"line":7,"column":22},"end":{"line":7,"column":65}},"1":{"start":{"line":8,"column":14},"end":{"line":8,"column":34}},"2":{"start":{"line":10,"column":20},"end":{"line":10,"column":53}},"3":{"start":{"line":11,"column":24},"end":{"line":11,"column":54}},"4":{"start":{"line":12,"column":17},"end":{"line":12,"column":47}},"5":{"start":{"line":13,"column":21},"end":{"line":13,"column":55}},"6":{"start":{"line":14,"column":17},"end":{"line":14,"column":47}},"7":{"start":{"line":15,"column":18},"end":{"line":15,"column":49}},"8":{"start":{"line":16,"column":20},"end":{"line":16,"column":53}},"9":{"start":{"line":18,"column":2},"end":{"line":20,"column":3}},"10":{"start":{"line":19,"column":4},"end":{"line":19,"column":76}},"11":{"start":{"line":22,"column":2},"end":{"line":24,"column":3}},"12":{"start":{"line":23,"column":4},"end":{"line":23,"column":96}},"13":{"start":{"line":26,"column":2},"end":{"line":69,"column":3}},"14":{"start":{"line":29,"column":4},"end":{"line":33,"column":5}},"15":{"start":{"line":30,"column":6},"end":{"line":30,"column":58}},"16":{"start":{"line":32,"column":6},"end":{"line":32,"column":70}},"17":{"start":{"line":35,"column":4},"end":{"line":37,"column":5}},"18":{"start":{"line":36,"column":6},"end":{"line":36,"column":67}},"19":{"start":{"line":40,"column":4},"end":{"line":48,"column":7}},"20":{"start":{"line":51,"column":22},"end":{"line":60,"column":6}},"21":{"start":{"line":53,"column":6},"end":{"line":58,"column":7}},"22":{"start":{"line":55,"column":8},"end":{"line":57,"column":9}},"23":{"start":{"line":56,"column":10},"end":{"line":56,"column":22}},"24":{"start":{"line":59,"column":6},"end":{"line":59,"column":19}},"25":{"start":{"line":62,"column":4},"end":{"line":65,"column":7}},"26":{"start":{"line":67,"column":4},"end":{"line":67,"column":60}},"27":{"start":{"line":68,"column":4},"end":{"line":68,"column":79}}},"fnMap":{"0":{"name":"loader","decl":{"start":{"line":6,"column":22},"end":{"line":6,"column":28}},"loc":{"start":{"line":6,"column":42},"end":{"line":70,"column":1}},"line":6},"1":{"name":"(anonymous_1)","decl":{"start":{"line":51,"column":44},"end":{"line":51,"column":45}},"loc":{"start":{"line":51,"column":55},"end":{"line":60,"column":5}},"line":51}},"branchMap":{"0":{"loc":{"start":{"line":18,"column":2},"end":{"line":20,"column":3}},"type":"if","locations":[{"start":{"line":18,"column":2},"end":{"line":20,"column":3}},{"start":{},"end":{}}],"line":18},"1":{"loc":{"start":{"line":22,"column":2},"end":{"line":24,"column":3}},"type":"if","locations":[{"start":{"line":22,"column":2},"end":{"line":24,"column":3}},{"start":{},"end":{}}],"line":22},"2":{"loc":{"start":{"line":22,"column":6},"end":{"line":22,"column":34}},"type":"binary-expr","locations":[{"start":{"line":22,"column":6},"end":{"line":22,"column":16}},{"start":{"line":22,"column":20},"end":{"line":22,"column":34}}],"line":22},"3":{"loc":{"start":{"line":29,"column":4},"end":{"line":33,"column":5}},"type":"if","locations":[{"start":{"line":29,"column":4},"end":{"line":33,"column":5}},{"start":{"line":31,"column":11},"end":{"line":33,"column":5}}],"line":29},"4":{"loc":{"start":{"line":35,"column":4},"end":{"line":37,"column":5}},"type":"if","locations":[{"start":{"line":35,"column":4},"end":{"line":37,"column":5}},{"start":{},"end":{}}],"line":35},"5":{"loc":{"start":{"line":53,"column":6},"end":{"line":58,"column":7}},"type":"if","locations":[{"start":{"line":53,"column":6},"end":{"line":58,"column":7}},{"start":{},"end":{}}],"line":53},"6":{"loc":{"start":{"line":55,"column":8},"end":{"line":57,"column":9}},"type":"if","locations":[{"start":{"line":55,"column":8},"end":{"line":57,"column":9}},{"start":{},"end":{}}],"line":55},"7":{"loc":{"start":{"line":55,"column":12},"end":{"line":55,"column":84}},"type":"binary-expr","locations":[{"start":{"line":55,"column":12},"end":{"line":55,"column":23}},{"start":{"line":55,"column":28},"end":{"line":55,"column":46}},{"start":{"line":55,"column":50},"end":{"line":55,"column":83}}],"line":55}},"s":{"0":0,"1":0,"2":0,"3":0,"4":0,"5":0,"6":0,"7":0,"8":0,"9":0,"10":0,"11":0,"12":0,"13":0,"14":0,"15":0,"16":0,"17":0,"18":0,"19":0,"20":0,"21":0,"22":0,"23":0,"24":0,"25":0,"26":0,"27":0},"f":{"0":0,"1":0},"b":{"0":[0,0],"1":[0,0],"2":[0,0],"3":[0,0],"4":[0,0],"5":[0,0],"6":[0,0],"7":[0,0,0]}}
,"/home/sonuram/Desktop/modelsearch-pro/app/routes/api/products/compatible.js": {"path":"/home/sonuram/Desktop/modelsearch-pro/app/routes/api/products/compatible.js","statementMap":{"0":{"start":{"line":7,"column":22},"end":{"line":7,"column":65}},"1":{"start":{"line":8,"column":14},"end":{"line":8,"column":34}},"2":{"start":{"line":10,"column":17},"end":{"line":10,"column":47}},"3":{"start":{"line":11,"column":21},"end":{"line":11,"column":55}},"4":{"start":{"line":12,"column":15},"end":{"line":12,"column":64}},"5":{"start":{"line":13,"column":16},"end":{"line":13,"column":67}},"6":{"start":{"line":14,"column":17},"end":{"line":14,"column":47}},"7":{"start":{"line":15,"column":18},"end":{"line":15,"column":49}},"8":{"start":{"line":16,"column":20},"end":{"line":16,"column":53}},"9":{"start":{"line":17,"column":20},"end":{"line":17,"column":94}},"10":{"start":{"line":18,"column":20},"end":{"line":18,"column":53}},"11":{"start":{"line":20,"column":2},"end":{"line":22,"column":3}},"12":{"start":{"line":21,"column":4},"end":{"line":21,"column":76}},"13":{"start":{"line":24,"column":2},"end":{"line":52,"column":3}},"14":{"start":{"line":25,"column":19},"end":{"line":32,"column":5}},"15":{"start":{"line":35,"column":4},"end":{"line":46,"column":7}},"16":{"start":{"line":48,"column":4},"end":{"line":48,"column":24}},"17":{"start":{"line":50,"column":4},"end":{"line":50,"column":64}},"18":{"start":{"line":51,"column":4},"end":{"line":51,"column":83}}},"fnMap":{"0":{"name":"loader","decl":{"start":{"line":6,"column":22},"end":{"line":6,"column":28}},"loc":{"start":{"line":6,"column":42},"end":{"line":53,"column":1}},"line":6}},"branchMap":{"0":{"loc":{"start":{"line":12,"column":24},"end":{"line":12,"column":59}},"type":"binary-expr","locations":[{"start":{"line":12,"column":24},"end":{"line":12,"column":52}},{"start":{"line":12,"column":56},"end":{"line":12,"column":59}}],"line":12},"1":{"loc":{"start":{"line":13,"column":25},"end":{"line":13,"column":62}},"type":"binary-expr","locations":[{"start":{"line":13,"column":25},"end":{"line":13,"column":54}},{"start":{"line":13,"column":58},"end":{"line":13,"column":62}}],"line":13},"2":{"loc":{"start":{"line":17,"column":20},"end":{"line":17,"column":94}},"type":"binary-expr","locations":[{"start":{"line":17,"column":20},"end":{"line":17,"column":58}},{"start":{"line":17,"column":62},"end":{"line":17,"column":94}}],"line":17},"3":{"loc":{"start":{"line":20,"column":2},"end":{"line":22,"column":3}},"type":"if","locations":[{"start":{"line":20,"column":2},"end":{"line":22,"column":3}},{"start":{},"end":{}}],"line":20}},"s":{"0":0,"1":0,"2":0,"3":0,"4":0,"5":0,"6":0,"7":0,"8":0,"9":0,"10":0,"11":0,"12":0,"13":0,"14":0,"15":0,"16":0,"17":0,"18":0},"f":{"0":0},"b":{"0":[0,0],"1":[0,0],"2":[0,0],"3":[0,0]}}
,"/home/sonuram/Desktop/modelsearch-pro/app/routes/api/vehicle/makes.js": {"path":"/home/sonuram/Desktop/modelsearch-pro/app/routes/api/vehicle/makes.js","statementMap":{"0":{"start":{"line":6,"column":22},"end":{"line":6,"column":65}},"1":{"start":{"line":8,"column":2},"end":{"line":14,"column":3}},"2":{"start":{"line":9,"column":18},"end":{"line":9,"column":46}},"3":{"start":{"line":10,"column":4},"end":{"line":10,"column":27}},"4":{"start":{"line":12,"column":4},"end":{"line":12,"column":50}},"5":{"start":{"line":13,"column":4},"end":{"line":13,"column":69}}},"fnMap":{"0":{"name":"loader","decl":{"start":{"line":5,"column":22},"end":{"line":5,"column":28}},"loc":{"start":{"line":5,"column":42},"end":{"line":15,"column":1}},"line":5}},"branchMap":{},"s":{"0":3,"1":2,"2":2,"3":1,"4":1,"5":1},"f":{"0":3},"b":{},"_coverageSchema":"1a1c01bbd47fc00a2c39e90264f33305004495a9","hash":"1d71f5b7dce3fd3a13219131d1784fc140e2a734"}
,"/home/sonuram/Desktop/modelsearch-pro/app/routes/api/vehicle/models.js": {"path":"/home/sonuram/Desktop/modelsearch-pro/app/routes/api/vehicle/models.js","statementMap":{"0":{"start":{"line":6,"column":22},"end":{"line":6,"column":65}},"1":{"start":{"line":7,"column":14},"end":{"line":7,"column":34}},"2":{"start":{"line":8,"column":17},"end":{"line":8,"column":47}},"3":{"start":{"line":10,"column":2},"end":{"line":12,"column":3}},"4":{"start":{"line":11,"column":4},"end":{"line":11,"column":76}},"5":{"start":{"line":14,"column":2},"end":{"line":20,"column":3}},"6":{"start":{"line":15,"column":19},"end":{"line":15,"column":42}},"7":{"start":{"line":16,"column":4},"end":{"line":16,"column":28}},"8":{"start":{"line":18,"column":4},"end":{"line":18,"column":51}},"9":{"start":{"line":19,"column":4},"end":{"line":19,"column":70}}},"fnMap":{"0":{"name":"loader","decl":{"start":{"line":5,"column":22},"end":{"line":5,"column":28}},"loc":{"start":{"line":5,"column":42},"end":{"line":21,"column":1}},"line":5}},"branchMap":{"0":{"loc":{"start":{"line":10,"column":2},"end":{"line":12,"column":3}},"type":"if","locations":[{"start":{"line":10,"column":2},"end":{"line":12,"column":3}},{"start":{},"end":{}}],"line":10}},"s":{"0":3,"1":3,"2":3,"3":3,"4":1,"5":2,"6":2,"7":1,"8":1,"9":1},"f":{"0":3},"b":{"0":[1,2]},"_coverageSchema":"1a1c01bbd47fc00a2c39e90264f33305004495a9","hash":"bc6d14c1a7f0557bfa65c7f33189774a18043958"}
,"/home/sonuram/Desktop/modelsearch-pro/app/routes/api/vehicle/submodels.js": {"path":"/home/sonuram/Desktop/modelsearch-pro/app/routes/api/vehicle/submodels.js","statementMap":{"0":{"start":{"line":6,"column":22},"end":{"line":6,"column":65}},"1":{"start":{"line":7,"column":14},"end":{"line":7,"column":34}},"2":{"start":{"line":8,"column":17},"end":{"line":8,"column":47}},"3":{"start":{"line":10,"column":2},"end":{"line":12,"column":3}},"4":{"start":{"line":11,"column":4},"end":{"line":11,"column":76}},"5":{"start":{"line":14,"column":2},"end":{"line":20,"column":3}},"6":{"start":{"line":15,"column":22},"end":{"line":15,"column":48}},"7":{"start":{"line":16,"column":4},"end":{"line":16,"column":31}},"8":{"start":{"line":18,"column":4},"end":{"line":18,"column":54}},"9":{"start":{"line":19,"column":4},"end":{"line":19,"column":73}}},"fnMap":{"0":{"name":"loader","decl":{"start":{"line":5,"column":22},"end":{"line":5,"column":28}},"loc":{"start":{"line":5,"column":42},"end":{"line":21,"column":1}},"line":5}},"branchMap":{"0":{"loc":{"start":{"line":10,"column":2},"end":{"line":12,"column":3}},"type":"if","locations":[{"start":{"line":10,"column":2},"end":{"line":12,"column":3}},{"start":{},"end":{}}],"line":10}},"s":{"0":0,"1":0,"2":0,"3":0,"4":0,"5":0,"6":0,"7":0,"8":0,"9":0},"f":{"0":0},"b":{"0":[0,0]}}
,"/home/sonuram/Desktop/modelsearch-pro/app/routes/api/vehicle/years.js": {"path":"/home/sonuram/Desktop/modelsearch-pro/app/routes/api/vehicle/years.js","statementMap":{"0":{"start":{"line":6,"column":22},"end":{"line":6,"column":65}},"1":{"start":{"line":7,"column":14},"end":{"line":7,"column":34}},"2":{"start":{"line":8,"column":18},"end":{"line":8,"column":49}},"3":{"start":{"line":10,"column":2},"end":{"line":12,"column":3}},"4":{"start":{"line":11,"column":4},"end":{"line":11,"column":77}},"5":{"start":{"line":14,"column":2},"end":{"line":20,"column":3}},"6":{"start":{"line":15,"column":18},"end":{"line":15,"column":41}},"7":{"start":{"line":16,"column":4},"end":{"line":16,"column":27}},"8":{"start":{"line":18,"column":4},"end":{"line":18,"column":50}},"9":{"start":{"line":19,"column":4},"end":{"line":19,"column":69}}},"fnMap":{"0":{"name":"loader","decl":{"start":{"line":5,"column":22},"end":{"line":5,"column":28}},"loc":{"start":{"line":5,"column":42},"end":{"line":21,"column":1}},"line":5}},"branchMap":{"0":{"loc":{"start":{"line":10,"column":2},"end":{"line":12,"column":3}},"type":"if","locations":[{"start":{"line":10,"column":2},"end":{"line":12,"column":3}},{"start":{},"end":{}}],"line":10}},"s":{"0":0,"1":0,"2":0,"3":0,"4":0,"5":0,"6":0,"7":0,"8":0,"9":0},"f":{"0":0},"b":{"0":[0,0]}}
}
