TN:
SF:app/db.server.js
FNF:0
FNH:0
DA:3,0
DA:4,0
DA:5,0
DA:9,0
LF:4
LH:0
BRDA:3,0,0,0
BRDA:3,0,1,0
BRDA:4,1,0,0
BRDA:4,1,1,0
BRDA:9,2,0,0
BRDA:9,2,1,0
BRF:6
BRH:0
end_of_record
TN:
SF:app/entry.server.jsx
FN:10,handleRequest
FN:20,(anonymous_1)
FN:24,(anonymous_2)
FN:37,(anonymous_3)
FN:40,(anonymous_4)
FNF:5
FNH:0
FNDA:0,handleRequest
FNDA:0,(anonymous_1)
FNDA:0,(anonymous_2)
FNDA:0,(anonymous_3)
FNDA:0,(anonymous_4)
DA:8,0
DA:16,0
DA:17,0
DA:18,0
DA:20,0
DA:21,0
DA:25,0
DA:26,0
DA:28,0
DA:29,0
DA:35,0
DA:38,0
DA:41,0
DA:42,0
DA:49,0
LF:15
LH:0
BRDA:18,0,0,0
BRDA:18,0,1,0
BRDA:18,1,0,0
BRDA:18,1,1,0
BRF:4
BRH:0
end_of_record
TN:
SF:app/root.jsx
FN:9,App
FNF:1
FNH:0
FNDA:0,App
DA:10,0
LF:1
LH:0
BRF:0
BRH:0
end_of_record
TN:
SF:app/routes.js
FNF:0
FNH:0
LF:0
LH:0
BRF:0
BRH:0
end_of_record
TN:
SF:app/shopify.server.js
FNF:0
FNH:0
DA:10,0
DA:29,0
DA:30,0
DA:31,0
DA:32,0
DA:33,0
DA:34,0
DA:35,0
LF:8
LH:0
BRDA:12,0,0,0
BRDA:12,0,1,0
BRDA:15,1,0,0
BRDA:15,1,1,0
BRDA:23,2,0,0
BRDA:23,2,1,0
BRF:6
BRH:0
end_of_record
TN:
SF:app/graphql/resolvers/index.js
FN:16,(anonymous_0)
FN:19,(anonymous_1)
FN:22,(anonymous_2)
FN:35,(anonymous_3)
FN:38,(anonymous_4)
FN:43,(anonymous_5)
FN:46,(anonymous_6)
FN:51,(anonymous_7)
FN:54,(anonymous_8)
FN:59,(anonymous_9)
FN:62,(anonymous_10)
FN:67,(anonymous_11)
FN:70,(anonymous_12)
FN:73,(anonymous_13)
FN:78,(anonymous_14)
FN:81,(anonymous_15)
FN:86,(anonymous_16)
FN:91,(anonymous_17)
FN:94,(anonymous_18)
FN:97,(anonymous_19)
FN:100,(anonymous_20)
FN:105,(anonymous_21)
FN:108,(anonymous_22)
FN:115,(anonymous_23)
FN:118,(anonymous_24)
FN:121,(anonymous_25)
FN:127,(anonymous_26)
FN:130,(anonymous_27)
FN:133,(anonymous_28)
FN:139,(anonymous_29)
FN:142,(anonymous_30)
FN:145,(anonymous_31)
FN:151,(anonymous_32)
FN:154,(anonymous_33)
FN:157,(anonymous_34)
FN:163,(anonymous_35)
FN:166,(anonymous_36)
FN:169,(anonymous_37)
FN:175,(anonymous_38)
FN:178,(anonymous_39)
FN:181,(anonymous_40)
FN:185,(anonymous_41)
FN:191,(anonymous_42)
FN:196,(anonymous_43)
FN:202,(anonymous_44)
FN:210,(anonymous_45)
FN:216,(anonymous_46)
FN:219,(anonymous_47)
FN:222,(anonymous_48)
FN:225,(anonymous_49)
FN:233,(anonymous_50)
FN:240,(anonymous_51)
FN:244,(anonymous_52)
FN:251,(anonymous_53)
FN:255,(anonymous_54)
FN:262,(anonymous_55)
FN:269,(anonymous_56)
FN:276,(anonymous_57)
FN:280,(anonymous_58)
FN:284,(anonymous_59)
FNF:60
FNH:12
FNDA:1,(anonymous_0)
FNDA:1,(anonymous_1)
FNDA:0,(anonymous_2)
FNDA:1,(anonymous_3)
FNDA:1,(anonymous_4)
FNDA:1,(anonymous_5)
FNDA:0,(anonymous_6)
FNDA:0,(anonymous_7)
FNDA:0,(anonymous_8)
FNDA:0,(anonymous_9)
FNDA:0,(anonymous_10)
FNDA:1,(anonymous_11)
FNDA:0,(anonymous_12)
FNDA:0,(anonymous_13)
FNDA:0,(anonymous_14)
FNDA:0,(anonymous_15)
FNDA:1,(anonymous_16)
FNDA:0,(anonymous_17)
FNDA:0,(anonymous_18)
FNDA:0,(anonymous_19)
FNDA:0,(anonymous_20)
FNDA:0,(anonymous_21)
FNDA:0,(anonymous_22)
FNDA:1,(anonymous_23)
FNDA:1,(anonymous_24)
FNDA:1,(anonymous_25)
FNDA:0,(anonymous_26)
FNDA:0,(anonymous_27)
FNDA:0,(anonymous_28)
FNDA:0,(anonymous_29)
FNDA:0,(anonymous_30)
FNDA:0,(anonymous_31)
FNDA:0,(anonymous_32)
FNDA:0,(anonymous_33)
FNDA:0,(anonymous_34)
FNDA:0,(anonymous_35)
FNDA:0,(anonymous_36)
FNDA:0,(anonymous_37)
FNDA:1,(anonymous_38)
FNDA:0,(anonymous_39)
FNDA:0,(anonymous_40)
FNDA:0,(anonymous_41)
FNDA:1,(anonymous_42)
FNDA:0,(anonymous_43)
FNDA:0,(anonymous_44)
FNDA:0,(anonymous_45)
FNDA:0,(anonymous_46)
FNDA:0,(anonymous_47)
FNDA:0,(anonymous_48)
FNDA:0,(anonymous_49)
FNDA:0,(anonymous_50)
FNDA:0,(anonymous_51)
FNDA:0,(anonymous_52)
FNDA:0,(anonymous_53)
FNDA:0,(anonymous_54)
FNDA:0,(anonymous_55)
FNDA:0,(anonymous_56)
FNDA:0,(anonymous_57)
FNDA:0,(anonymous_58)
FNDA:0,(anonymous_59)
DA:13,1
DA:17,1
DA:20,1
DA:23,0
DA:24,0
DA:26,0
DA:30,1
DA:36,1
DA:39,1
DA:44,1
DA:47,0
DA:52,0
DA:55,0
DA:60,0
DA:63,0
DA:68,1
DA:71,0
DA:74,0
DA:79,0
DA:82,0
DA:87,1
DA:92,0
DA:95,0
DA:98,0
DA:101,0
DA:106,0
DA:109,0
DA:116,1
DA:119,1
DA:122,1
DA:123,1
DA:128,0
DA:131,0
DA:134,0
DA:135,0
DA:140,0
DA:143,0
DA:146,0
DA:147,0
DA:152,0
DA:155,0
DA:158,0
DA:159,0
DA:164,0
DA:167,0
DA:170,0
DA:171,0
DA:176,1
DA:179,0
DA:182,0
DA:183,0
DA:186,0
DA:187,0
DA:192,1
DA:197,0
DA:203,0
DA:211,0
DA:217,0
DA:220,0
DA:223,0
DA:226,0
DA:227,0
DA:234,0
DA:235,0
DA:241,0
DA:242,0
DA:245,0
DA:246,0
DA:252,0
DA:253,0
DA:256,0
DA:257,0
DA:263,0
DA:264,0
DA:270,0
DA:271,0
DA:277,0
DA:278,0
DA:281,0
DA:282,0
DA:285,0
DA:286,0
DA:287,0
LF:83
LH:15
BRDA:23,0,0,0
BRDA:23,0,1,0
BRDA:234,1,0,0
BRDA:234,1,1,0
BRDA:241,2,0,0
BRDA:241,2,1,0
BRDA:245,3,0,0
BRDA:245,3,1,0
BRDA:252,4,0,0
BRDA:252,4,1,0
BRDA:256,5,0,0
BRDA:256,5,1,0
BRDA:263,6,0,0
BRDA:263,6,1,0
BRDA:270,7,0,0
BRDA:270,7,1,0
BRDA:277,8,0,0
BRDA:277,8,1,0
BRDA:281,9,0,0
BRDA:281,9,1,0
BRDA:285,10,0,0
BRDA:285,10,1,0
BRDA:286,11,0,0
BRDA:286,11,1,0
BRF:24
BRH:0
end_of_record
TN:
SF:app/graphql/schema/analytics.js
FN:107,(anonymous_0)
FN:110,(anonymous_1)
FN:113,(anonymous_2)
FN:116,(anonymous_3)
FN:121,(anonymous_4)
FN:127,(anonymous_5)
FNF:6
FNH:0
FNDA:0,(anonymous_0)
FNDA:0,(anonymous_1)
FNDA:0,(anonymous_2)
FNDA:0,(anonymous_3)
FNDA:0,(anonymous_4)
FNDA:0,(anonymous_5)
DA:10,0
DA:105,0
DA:108,0
DA:111,0
DA:114,0
DA:117,0
DA:122,0
DA:128,0
LF:8
LH:0
BRF:0
BRH:0
end_of_record
TN:
SF:app/graphql/schema/fitment.js
FN:51,(anonymous_0)
FN:54,(anonymous_1)
FN:59,(anonymous_2)
FN:62,(anonymous_3)
FN:65,(anonymous_4)
FN:69,(anonymous_5)
FNF:6
FNH:0
FNDA:0,(anonymous_0)
FNDA:0,(anonymous_1)
FNDA:0,(anonymous_2)
FNDA:0,(anonymous_3)
FNDA:0,(anonymous_4)
FNDA:0,(anonymous_5)
DA:10,0
DA:49,0
DA:52,0
DA:55,0
DA:60,0
DA:63,0
DA:66,0
DA:67,0
DA:70,0
DA:71,0
LF:10
LH:0
BRF:0
BRH:0
end_of_record
TN:
SF:app/graphql/schema/import.js
FN:62,(anonymous_0)
FN:65,(anonymous_1)
FN:68,(anonymous_2)
FN:71,(anonymous_3)
FN:76,(anonymous_4)
FN:82,(anonymous_5)
FN:85,(anonymous_6)
FN:88,(anonymous_7)
FN:91,(anonymous_8)
FNF:9
FNH:0
FNDA:0,(anonymous_0)
FNDA:0,(anonymous_1)
FNDA:0,(anonymous_2)
FNDA:0,(anonymous_3)
FNDA:0,(anonymous_4)
FNDA:0,(anonymous_5)
FNDA:0,(anonymous_6)
FNDA:0,(anonymous_7)
FNDA:0,(anonymous_8)
DA:13,0
DA:60,0
DA:63,0
DA:66,0
DA:69,0
DA:72,0
DA:77,0
DA:83,0
DA:86,0
DA:89,0
DA:92,0
DA:93,0
LF:12
LH:0
BRF:0
BRH:0
end_of_record
TN:
SF:app/graphql/schema/index.js
FNF:0
FNH:0
DA:5,0
LF:1
LH:0
BRF:0
BRH:0
end_of_record
TN:
SF:app/graphql/schema/make.js
FN:41,(anonymous_0)
FN:44,(anonymous_1)
FN:49,(anonymous_2)
FN:52,(anonymous_3)
FN:55,(anonymous_4)
FNF:5
FNH:0
FNDA:0,(anonymous_0)
FNDA:0,(anonymous_1)
FNDA:0,(anonymous_2)
FNDA:0,(anonymous_3)
FNDA:0,(anonymous_4)
DA:9,0
DA:39,0
DA:42,0
DA:45,0
DA:50,0
DA:53,0
DA:56,0
DA:57,0
LF:8
LH:0
BRF:0
BRH:0
end_of_record
TN:
SF:app/graphql/schema/model.js
FN:44,(anonymous_0)
FN:47,(anonymous_1)
FN:52,(anonymous_2)
FN:55,(anonymous_3)
FN:58,(anonymous_4)
FNF:5
FNH:0
FNDA:0,(anonymous_0)
FNDA:0,(anonymous_1)
FNDA:0,(anonymous_2)
FNDA:0,(anonymous_3)
FNDA:0,(anonymous_4)
DA:9,0
DA:42,0
DA:45,0
DA:48,0
DA:53,0
DA:56,0
DA:59,0
DA:60,0
LF:8
LH:0
BRF:0
BRH:0
end_of_record
TN:
SF:app/graphql/schema/product.js
FN:59,(anonymous_0)
FN:62,(anonymous_1)
FN:65,(anonymous_2)
FN:70,(anonymous_3)
FN:73,(anonymous_4)
FN:76,(anonymous_5)
FNF:6
FNH:0
FNDA:0,(anonymous_0)
FNDA:0,(anonymous_1)
FNDA:0,(anonymous_2)
FNDA:0,(anonymous_3)
FNDA:0,(anonymous_4)
FNDA:0,(anonymous_5)
DA:10,0
DA:57,0
DA:60,0
DA:63,0
DA:66,0
DA:71,0
DA:74,0
DA:77,0
DA:78,0
LF:9
LH:0
BRDA:59,0,0,0
BRDA:59,1,0,0
BRDA:59,2,0,0
BRDA:65,3,0,0
BRDA:65,4,0,0
BRF:5
BRH:0
end_of_record
TN:
SF:app/graphql/schema/scalars.js
FN:7,(anonymous_0)
FN:10,(anonymous_1)
FN:13,(anonymous_2)
FNF:3
FNH:0
FNDA:0,(anonymous_0)
FNDA:0,(anonymous_1)
FNDA:0,(anonymous_2)
DA:4,0
DA:8,0
DA:11,0
DA:14,0
DA:15,0
DA:17,0
DA:21,0
DA:25,0
LF:8
LH:0
BRDA:14,0,0,0
BRDA:14,0,1,0
BRF:2
BRH:0
end_of_record
TN:
SF:app/graphql/schema/settings.js
FN:40,(anonymous_0)
FN:45,(anonymous_1)
FNF:2
FNH:0
FNDA:0,(anonymous_0)
FNDA:0,(anonymous_1)
DA:6,0
DA:38,0
DA:41,0
DA:46,0
LF:4
LH:0
BRF:0
BRH:0
end_of_record
TN:
SF:app/graphql/schema/submodel.js
FN:43,(anonymous_0)
FN:46,(anonymous_1)
FN:51,(anonymous_2)
FN:54,(anonymous_3)
FN:57,(anonymous_4)
FNF:5
FNH:0
FNDA:0,(anonymous_0)
FNDA:0,(anonymous_1)
FNDA:0,(anonymous_2)
FNDA:0,(anonymous_3)
FNDA:0,(anonymous_4)
DA:9,0
DA:41,0
DA:44,0
DA:47,0
DA:52,0
DA:55,0
DA:58,0
DA:59,0
LF:8
LH:0
BRF:0
BRH:0
end_of_record
TN:
SF:app/graphql/schema/typeDefs.js
FNF:0
FNH:0
DA:1,0
LF:1
LH:0
BRF:0
BRH:0
end_of_record
TN:
SF:app/graphql/schema/year.js
FN:44,(anonymous_0)
FN:47,(anonymous_1)
FN:52,(anonymous_2)
FN:55,(anonymous_3)
FN:58,(anonymous_4)
FNF:5
FNH:0
FNDA:0,(anonymous_0)
FNDA:0,(anonymous_1)
FNDA:0,(anonymous_2)
FNDA:0,(anonymous_3)
FNDA:0,(anonymous_4)
DA:9,0
DA:42,0
DA:45,0
DA:48,0
DA:53,0
DA:56,0
DA:59,0
DA:60,0
LF:8
LH:0
BRF:0
BRH:0
end_of_record
TN:
SF:app/models/analytics.server.js
FN:4,createSearchLog
FN:10,getSearchLogs
FN:48,getSearchStats
FN:116,createProductView
FN:122,getProductViews
FN:160,getTopViewedProducts
FNF:6
FNH:0
FNDA:0,createSearchLog
FNDA:0,getSearchLogs
FNDA:0,getSearchStats
FNDA:0,createProductView
FNDA:0,getProductViews
FNDA:0,getTopViewedProducts
DA:5,0
DA:11,0
DA:13,0
DA:15,0
DA:16,0
DA:18,0
DA:19,0
DA:22,0
DA:23,0
DA:27,0
DA:37,0
DA:49,0
DA:51,0
DA:52,0
DA:54,0
DA:55,0
DA:58,0
DA:59,0
DA:63,0
DA:65,0
DA:72,0
DA:89,0
DA:106,0
DA:117,0
DA:123,0
DA:125,0
DA:127,0
DA:128,0
DA:130,0
DA:131,0
DA:134,0
DA:135,0
DA:139,0
DA:149,0
DA:161,0
DA:163,0
DA:164,0
DA:166,0
DA:167,0
DA:170,0
DA:171,0
DA:175,0
LF:42
LH:0
BRDA:10,0,0,0
BRDA:10,1,0,0
BRDA:10,2,0,0
BRDA:15,3,0,0
BRDA:15,3,1,0
BRDA:15,4,0,0
BRDA:15,4,1,0
BRDA:18,5,0,0
BRDA:18,5,1,0
BRDA:22,6,0,0
BRDA:22,6,1,0
BRDA:48,7,0,0
BRDA:51,8,0,0
BRDA:51,8,1,0
BRDA:51,9,0,0
BRDA:51,9,1,0
BRDA:54,10,0,0
BRDA:54,10,1,0
BRDA:58,11,0,0
BRDA:58,11,1,0
BRDA:109,12,0,0
BRDA:109,12,1,0
BRDA:122,13,0,0
BRDA:122,14,0,0
BRDA:122,15,0,0
BRDA:127,16,0,0
BRDA:127,16,1,0
BRDA:127,17,0,0
BRDA:127,17,1,0
BRDA:130,18,0,0
BRDA:130,18,1,0
BRDA:134,19,0,0
BRDA:134,19,1,0
BRDA:160,20,0,0
BRDA:160,21,0,0
BRDA:163,22,0,0
BRDA:163,22,1,0
BRDA:163,23,0,0
BRDA:163,23,1,0
BRDA:166,24,0,0
BRDA:166,24,1,0
BRDA:170,25,0,0
BRDA:170,25,1,0
BRF:43
BRH:0
end_of_record
TN:
SF:app/models/fitment.server.js
FN:3,getFitments
FN:27,getFitment
FN:46,createFitment
FN:64,updateFitment
FN:83,deleteFitment
FN:89,bulkCreateFitments
FN:96,deleteProductFitments
FN:102,checkFitmentExists
FNF:8
FNH:8
FNDA:1,getFitments
FNDA:1,getFitment
FNDA:1,createFitment
FNDA:1,updateFitment
FNDA:1,deleteFitment
FNDA:1,bulkCreateFitments
FNDA:1,deleteProductFitments
FNDA:2,checkFitmentExists
DA:4,1
DA:28,1
DA:47,1
DA:65,1
DA:84,1
DA:90,1
DA:97,1
DA:103,2
DA:108,2
DA:109,1
DA:111,1
DA:114,2
LF:12
LH:12
BRDA:108,0,0,1
BRDA:108,0,1,1
BRF:2
BRH:2
end_of_record
TN:
SF:app/models/import.server.js
FN:3,createImportJob
FN:9,getImportJob
FN:15,updateImportJob
FN:22,getImportJobs
FN:46,getPendingImportJobs
FN:56,getProcessingImportJobs
FN:66,markImportJobComplete
FN:79,markImportJobFailed
FN:90,deleteImportJob
FNF:9
FNH:0
FNDA:0,createImportJob
FNDA:0,getImportJob
FNDA:0,updateImportJob
FNDA:0,getImportJobs
FNDA:0,getPendingImportJobs
FNDA:0,getProcessingImportJobs
FNDA:0,markImportJobComplete
FNDA:0,markImportJobFailed
FNDA:0,deleteImportJob
DA:4,0
DA:10,0
DA:16,0
DA:23,0
DA:25,0
DA:35,0
DA:47,0
DA:57,0
DA:67,0
DA:80,0
DA:91,0
LF:11
LH:0
BRDA:22,0,0,0
BRDA:22,1,0,0
BRDA:22,2,0,0
BRDA:66,3,0,0
BRDA:66,4,0,0
BRDA:66,5,0,0
BRF:6
BRH:0
end_of_record
TN:
SF:app/models/make.server.js
FN:3,getMakes
FN:9,getMake
FN:16,createMake
FN:22,updateMake
FN:29,deleteMake
FN:35,getMakeByName
FN:41,bulkCreateMakes
FNF:7
FNH:7
FNDA:1,getMakes
FNDA:1,getMake
FNDA:1,createMake
FNDA:1,updateMake
FNDA:1,deleteMake
FNDA:1,getMakeByName
FNDA:1,bulkCreateMakes
DA:4,1
DA:10,1
DA:17,1
DA:23,1
DA:30,1
DA:36,1
DA:42,1
LF:7
LH:7
BRF:0
BRH:0
end_of_record
TN:
SF:app/models/model.server.js
FN:3,getModels
FN:10,getModel
FN:17,createModel
FN:23,updateModel
FN:30,deleteModel
FN:36,getModelByName
FN:45,bulkCreateModels
FNF:7
FNH:7
FNDA:1,getModels
FNDA:1,getModel
FNDA:1,createModel
FNDA:1,updateModel
FNDA:1,deleteModel
FNDA:1,getModelByName
FNDA:1,bulkCreateModels
DA:4,1
DA:11,1
DA:18,1
DA:24,1
DA:31,1
DA:37,1
DA:46,1
LF:7
LH:7
BRF:0
BRH:0
end_of_record
TN:
SF:app/models/product.server.js
FN:3,getProducts
FN:40,getProduct
FN:62,getProductByHandle
FN:84,createProduct
FN:90,updateProduct
FN:97,deleteProduct
FN:103,upsertProduct
FN:111,getCompatibleProducts
FNF:8
FNH:0
FNDA:0,getProducts
FNDA:0,getProduct
FNDA:0,getProductByHandle
FNDA:0,createProduct
FNDA:0,updateProduct
FNDA:0,deleteProduct
FNDA:0,upsertProduct
FNDA:0,getCompatibleProducts
DA:4,0
DA:6,0
DA:7,0
DA:8,0
DA:14,0
DA:29,0
DA:41,0
DA:63,0
DA:85,0
DA:91,0
DA:98,0
DA:104,0
DA:112,0
DA:114,0
DA:124,0
DA:134,0
LF:16
LH:0
BRDA:3,0,0,0
BRDA:3,1,0,0
BRDA:3,2,0,0
BRDA:3,3,0,0
BRDA:7,4,0,0
BRDA:7,4,1,0
BRDA:111,5,0,0
BRDA:111,6,0,0
BRDA:111,7,0,0
BRDA:119,8,0,0
BRDA:119,8,1,0
BRF:11
BRH:0
end_of_record
TN:
SF:app/models/settings.server.js
FN:3,getSettings
FN:15,createSettings
FN:21,updateSettings
FNF:3
FNH:0
FNDA:0,getSettings
FNDA:0,createSettings
FNDA:0,updateSettings
DA:4,0
DA:8,0
DA:9,0
DA:12,0
DA:16,0
DA:22,0
LF:6
LH:0
BRDA:8,0,0,0
BRDA:8,0,1,0
BRF:2
BRH:0
end_of_record
TN:
SF:app/models/submodel.server.js
FN:3,getSubmodels
FN:10,getSubmodel
FN:17,createSubmodel
FN:23,updateSubmodel
FN:30,deleteSubmodel
FN:36,getSubmodelByName
FN:45,bulkCreateSubmodels
FNF:7
FNH:0
FNDA:0,getSubmodels
FNDA:0,getSubmodel
FNDA:0,createSubmodel
FNDA:0,updateSubmodel
FNDA:0,deleteSubmodel
FNDA:0,getSubmodelByName
FNDA:0,bulkCreateSubmodels
DA:4,0
DA:11,0
DA:18,0
DA:24,0
DA:31,0
DA:37,0
DA:46,0
LF:7
LH:0
BRF:0
BRH:0
end_of_record
TN:
SF:app/models/year.server.js
FN:3,getYears
FN:10,getYear
FN:17,createYear
FN:23,updateYear
FN:30,deleteYear
FN:36,getYearByValue
FN:45,bulkCreateYears
FNF:7
FNH:0
FNDA:0,getYears
FNDA:0,getYear
FNDA:0,createYear
FNDA:0,updateYear
FNDA:0,deleteYear
FNDA:0,getYearByValue
FNDA:0,bulkCreateYears
DA:4,0
DA:11,0
DA:18,0
DA:24,0
DA:31,0
DA:37,0
DA:46,0
LF:7
LH:0
BRF:0
BRH:0
end_of_record
TN:
SF:app/routes/api/graphql.js
FN:13,loader
FN:22,action
FNF:2
FNH:0
FNDA:0,loader
FNDA:0,action
DA:7,1
DA:15,0
DA:16,0
DA:19,0
DA:24,0
DA:26,0
DA:27,0
DA:31,0
DA:38,0
DA:45,0
LF:10
LH:1
BRDA:15,0,0,0
BRDA:15,0,1,0
BRDA:26,1,0,0
BRDA:26,1,1,0
BRF:4
BRH:0
end_of_record
TN:
SF:app/routes/api/settings.js
FN:5,loader
FNF:1
FNH:0
FNDA:0,loader
DA:6,0
DA:8,0
DA:9,0
DA:10,0
DA:19,0
DA:20,0
LF:6
LH:0
BRF:0
BRH:0
end_of_record
TN:
SF:app/routes/api/fitment/check.js
FN:6,loader
FN:51,(anonymous_1)
FNF:2
FNH:0
FNDA:0,loader
FNDA:0,(anonymous_1)
DA:7,0
DA:8,0
DA:10,0
DA:11,0
DA:12,0
DA:13,0
DA:14,0
DA:15,0
DA:16,0
DA:18,0
DA:19,0
DA:22,0
DA:23,0
DA:26,0
DA:29,0
DA:30,0
DA:32,0
DA:35,0
DA:36,0
DA:40,0
DA:51,0
DA:53,0
DA:55,0
DA:56,0
DA:59,0
DA:62,0
DA:67,0
DA:68,0
LF:28
LH:0
BRDA:18,0,0,0
BRDA:18,0,1,0
BRDA:22,1,0,0
BRDA:22,1,1,0
BRDA:22,2,0,0
BRDA:22,2,1,0
BRDA:29,3,0,0
BRDA:29,3,1,0
BRDA:35,4,0,0
BRDA:35,4,1,0
BRDA:53,5,0,0
BRDA:53,5,1,0
BRDA:55,6,0,0
BRDA:55,6,1,0
BRDA:55,7,0,0
BRDA:55,7,1,0
BRDA:55,7,2,0
BRF:17
BRH:0
end_of_record
TN:
SF:app/routes/api/products/check-fitment.js
FN:6,loader
FN:51,(anonymous_1)
FNF:2
FNH:0
FNDA:0,loader
FNDA:0,(anonymous_1)
DA:7,0
DA:8,0
DA:10,0
DA:11,0
DA:12,0
DA:13,0
DA:14,0
DA:15,0
DA:16,0
DA:18,0
DA:19,0
DA:22,0
DA:23,0
DA:26,0
DA:29,0
DA:30,0
DA:32,0
DA:35,0
DA:36,0
DA:40,0
DA:51,0
DA:53,0
DA:55,0
DA:56,0
DA:59,0
DA:62,0
DA:67,0
DA:68,0
LF:28
LH:0
BRDA:18,0,0,0
BRDA:18,0,1,0
BRDA:22,1,0,0
BRDA:22,1,1,0
BRDA:22,2,0,0
BRDA:22,2,1,0
BRDA:29,3,0,0
BRDA:29,3,1,0
BRDA:35,4,0,0
BRDA:35,4,1,0
BRDA:53,5,0,0
BRDA:53,5,1,0
BRDA:55,6,0,0
BRDA:55,6,1,0
BRDA:55,7,0,0
BRDA:55,7,1,0
BRDA:55,7,2,0
BRF:17
BRH:0
end_of_record
TN:
SF:app/routes/api/products/compatible.js
FN:6,loader
FNF:1
FNH:0
FNDA:0,loader
DA:7,0
DA:8,0
DA:10,0
DA:11,0
DA:12,0
DA:13,0
DA:14,0
DA:15,0
DA:16,0
DA:17,0
DA:18,0
DA:20,0
DA:21,0
DA:24,0
DA:25,0
DA:35,0
DA:48,0
DA:50,0
DA:51,0
LF:19
LH:0
BRDA:12,0,0,0
BRDA:12,0,1,0
BRDA:13,1,0,0
BRDA:13,1,1,0
BRDA:17,2,0,0
BRDA:17,2,1,0
BRDA:20,3,0,0
BRDA:20,3,1,0
BRF:8
BRH:0
end_of_record
TN:
SF:app/routes/api/vehicle/makes.js
FN:5,loader
FNF:1
FNH:1
FNDA:3,loader
DA:6,3
DA:8,2
DA:9,2
DA:10,1
DA:12,1
DA:13,1
LF:6
LH:6
BRF:0
BRH:0
end_of_record
TN:
SF:app/routes/api/vehicle/models.js
FN:5,loader
FNF:1
FNH:1
FNDA:3,loader
DA:6,3
DA:7,3
DA:8,3
DA:10,3
DA:11,1
DA:14,2
DA:15,2
DA:16,1
DA:18,1
DA:19,1
LF:10
LH:10
BRDA:10,0,0,1
BRDA:10,0,1,2
BRF:2
BRH:2
end_of_record
TN:
SF:app/routes/api/vehicle/submodels.js
FN:5,loader
FNF:1
FNH:0
FNDA:0,loader
DA:6,0
DA:7,0
DA:8,0
DA:10,0
DA:11,0
DA:14,0
DA:15,0
DA:16,0
DA:18,0
DA:19,0
LF:10
LH:0
BRDA:10,0,0,0
BRDA:10,0,1,0
BRF:2
BRH:0
end_of_record
TN:
SF:app/routes/api/vehicle/years.js
FN:5,loader
FNF:1
FNH:0
FNDA:0,loader
DA:6,0
DA:7,0
DA:8,0
DA:10,0
DA:11,0
DA:14,0
DA:15,0
DA:16,0
DA:18,0
DA:19,0
LF:10
LH:0
BRDA:10,0,0,0
BRDA:10,0,1,0
BRF:2
BRH:0
end_of_record
